2016-02-28 21:18:42.274 [info] <0.7.0> Application lager started on node nonode@nohost
2016-02-28 21:18:42.279 [info] <0.7.0> Application setup started on node nonode@nohost
2016-02-28 21:18:42.294 [info] <0.1505.0>@exometer_report:do_start_reporters:632 Starting reporters with []
2016-02-28 21:18:42.294 [info] <0.7.0> Application exometer_core started on node nonode@nohost
2016-02-28 21:18:42.294 [info] <0.7.0> Application exometer_influxdb started on node nonode@nohost
2016-02-28 21:18:42.294 [info] <0.7.0> Application logger started on node nonode@nohost
2016-02-28 21:18:42.305 [info] <0.7.0> Application ranch started on node nonode@nohost
2016-02-28 21:18:42.307 [info] <0.7.0> Application cowlib started on node nonode@nohost
2016-02-28 21:18:42.314 [info] <0.7.0> Application cowboy started on node nonode@nohost
2016-02-28 21:18:42.316 [info] <0.7.0> Application plug started on node nonode@nohost
2016-02-28 21:18:42.323 [info] <0.7.0> Application connection started on node nonode@nohost
2016-02-28 21:18:42.323 [info] <0.7.0> Application db_connection started on node nonode@nohost
2016-02-28 21:18:42.325 [info] <0.7.0> Application decimal started on node nonode@nohost
2016-02-28 21:18:42.331 [info] <0.7.0> Application postgrex started on node nonode@nohost
2016-02-28 21:18:42.334 [info] <0.7.0> Application poolboy started on node nonode@nohost
2016-02-28 21:18:42.334 [info] <0.7.0> Application ecto started on node nonode@nohost
2016-02-28 21:18:42.335 [info] <0.7.0> Application httpoison started on node nonode@nohost
2016-02-28 21:18:42.338 [info] <0.7.0> Application exometer started on node nonode@nohost
2016-02-28 21:18:42.338 [info] <0.7.0> Application elixometer started on node nonode@nohost
2016-02-28 21:18:42.339 [info] <0.7.0> Application loggex started on node nonode@nohost
2016-02-28 21:48:36.702 [info] <0.7.0> Application lager started on node nonode@nohost
2016-02-28 21:48:36.707 [info] <0.7.0> Application setup started on node nonode@nohost
2016-02-28 21:48:36.719 [info] <0.1496.0>@exometer_report:do_start_reporters:632 Starting reporters with [{reporters,[{exometer_report_influxdb,[]}]}]
2016-02-28 21:48:36.719 [info] <0.7.0> Application exometer_core started on node nonode@nohost
2016-02-28 21:48:36.720 [info] <0.7.0> Application exometer_influxdb started on node nonode@nohost
2016-02-28 21:48:36.720 [info] <0.7.0> Application logger started on node nonode@nohost
2016-02-28 21:48:36.746 [info] <0.7.0> Application ranch started on node nonode@nohost
2016-02-28 21:48:36.765 [info] <0.7.0> Application cowlib started on node nonode@nohost
2016-02-28 21:48:36.780 [info] <0.7.0> Application cowboy started on node nonode@nohost
2016-02-28 21:48:36.782 [info] <0.7.0> Application plug started on node nonode@nohost
2016-02-28 21:48:36.789 [info] <0.1499.0>@exometer_report_influxdb:exometer_init:85 InfluxDB reporter connecting success: []
2016-02-28 21:48:36.791 [info] <0.7.0> Application connection started on node nonode@nohost
2016-02-28 21:48:36.791 [info] <0.7.0> Application db_connection started on node nonode@nohost
2016-02-28 21:48:36.794 [info] <0.7.0> Application decimal started on node nonode@nohost
2016-02-28 21:48:36.803 [info] <0.7.0> Application postgrex started on node nonode@nohost
2016-02-28 21:48:36.806 [info] <0.7.0> Application poolboy started on node nonode@nohost
2016-02-28 21:48:36.806 [info] <0.7.0> Application ecto started on node nonode@nohost
2016-02-28 21:48:36.808 [info] <0.7.0> Application httpoison started on node nonode@nohost
2016-02-28 21:48:36.812 [info] <0.7.0> Application exometer started on node nonode@nohost
2016-02-28 21:48:36.812 [info] <0.7.0> Application elixometer started on node nonode@nohost
2016-02-28 21:48:36.812 [info] <0.7.0> Application loggex started on node nonode@nohost
2016-02-28 21:48:36.826 [info] <0.7.0> Application ex_unit started on node nonode@nohost
2016-02-28 21:48:37.101 [warning] <0.6.0> lager_error_logger_h dropped 94 messages in the last second that exceeded the limit of 50 messages/sec
2016-02-28 21:51:05.792 [info] <0.7.0> Application lager started on node nonode@nohost
2016-02-28 21:51:05.795 [info] <0.7.0> Application setup started on node nonode@nohost
2016-02-28 21:51:05.813 [info] <0.260.0>@exometer_report:do_start_reporters:632 Starting reporters with [{reporters,[{exometer_report_influxdb,[]}]}]
2016-02-28 21:51:05.813 [info] <0.7.0> Application exometer_core started on node nonode@nohost
2016-02-28 21:51:05.813 [info] <0.7.0> Application exometer_influxdb started on node nonode@nohost
2016-02-28 21:51:05.813 [info] <0.7.0> Application logger started on node nonode@nohost
2016-02-28 21:51:05.827 [info] <0.7.0> Application ranch started on node nonode@nohost
2016-02-28 21:51:05.835 [info] <0.7.0> Application cowlib started on node nonode@nohost
2016-02-28 21:51:05.858 [info] <0.7.0> Application cowboy started on node nonode@nohost
2016-02-28 21:51:05.868 [info] <0.7.0> Application plug started on node nonode@nohost
2016-02-28 21:51:05.873 [info] <0.263.0>@exometer_report_influxdb:exometer_init:85 InfluxDB reporter connecting success: []
2016-02-28 21:51:05.874 [info] <0.7.0> Application connection started on node nonode@nohost
2016-02-28 21:51:05.885 [info] <0.7.0> Application db_connection started on node nonode@nohost
2016-02-28 21:51:05.888 [info] <0.7.0> Application decimal started on node nonode@nohost
2016-02-28 21:51:05.895 [info] <0.7.0> Application postgrex started on node nonode@nohost
2016-02-28 21:51:05.898 [info] <0.7.0> Application poolboy started on node nonode@nohost
2016-02-28 21:51:05.901 [info] <0.7.0> Application ecto started on node nonode@nohost
2016-02-28 21:51:05.903 [info] <0.7.0> Application httpoison started on node nonode@nohost
2016-02-28 21:51:05.909 [info] <0.7.0> Application exometer started on node nonode@nohost
2016-02-28 21:51:05.911 [info] <0.7.0> Application elixometer started on node nonode@nohost
2016-02-28 21:51:05.911 [info] <0.7.0> Application loggex started on node nonode@nohost
2016-02-28 21:51:05.921 [info] <0.7.0> Application ex_unit started on node nonode@nohost
2016-02-28 21:51:11.762 [info] <0.7.0> Application lager started on node nonode@nohost
2016-02-28 21:51:11.768 [info] <0.7.0> Application setup started on node nonode@nohost
2016-02-28 21:51:11.783 [info] <0.247.0>@exometer_report:do_start_reporters:632 Starting reporters with [{reporters,[{exometer_report_influxdb,[]}]}]
2016-02-28 21:51:11.783 [info] <0.7.0> Application exometer_core started on node nonode@nohost
2016-02-28 21:51:11.783 [info] <0.7.0> Application exometer_influxdb started on node nonode@nohost
2016-02-28 21:51:11.783 [info] <0.7.0> Application logger started on node nonode@nohost
2016-02-28 21:51:11.797 [info] <0.7.0> Application ranch started on node nonode@nohost
2016-02-28 21:51:11.814 [info] <0.7.0> Application cowlib started on node nonode@nohost
2016-02-28 21:51:11.822 [info] <0.7.0> Application cowboy started on node nonode@nohost
2016-02-28 21:51:11.828 [info] <0.7.0> Application plug started on node nonode@nohost
2016-02-28 21:51:11.833 [info] <0.7.0> Application connection started on node nonode@nohost
2016-02-28 21:51:11.833 [info] <0.250.0>@exometer_report_influxdb:exometer_init:85 InfluxDB reporter connecting success: []
2016-02-28 21:51:11.839 [info] <0.7.0> Application db_connection started on node nonode@nohost
2016-02-28 21:51:11.841 [info] <0.7.0> Application decimal started on node nonode@nohost
2016-02-28 21:51:11.846 [info] <0.7.0> Application postgrex started on node nonode@nohost
2016-02-28 21:51:11.849 [info] <0.7.0> Application poolboy started on node nonode@nohost
2016-02-28 21:51:11.852 [info] <0.7.0> Application ecto started on node nonode@nohost
2016-02-28 21:51:11.854 [info] <0.7.0> Application httpoison started on node nonode@nohost
2016-02-28 21:51:11.859 [info] <0.7.0> Application exometer started on node nonode@nohost
2016-02-28 21:51:11.865 [info] <0.7.0> Application elixometer started on node nonode@nohost
2016-02-28 21:51:11.865 [info] <0.7.0> Application loggex started on node nonode@nohost
2016-02-28 21:51:11.876 [info] <0.7.0> Application ex_unit started on node nonode@nohost
2016-02-28 21:51:12.007 [warning] <0.6.0> lager_error_logger_h dropped 59 messages in the last second that exceeded the limit of 50 messages/sec
2016-02-28 21:51:21.546 [info] <0.7.0> Application lager started on node nonode@nohost
2016-02-28 21:51:21.552 [info] <0.7.0> Application setup started on node nonode@nohost
2016-02-28 21:51:21.566 [info] <0.247.0>@exometer_report:do_start_reporters:632 Starting reporters with [{reporters,[{exometer_report_influxdb,[]}]}]
2016-02-28 21:51:21.567 [info] <0.7.0> Application exometer_core started on node nonode@nohost
2016-02-28 21:51:21.567 [info] <0.7.0> Application exometer_influxdb started on node nonode@nohost
2016-02-28 21:51:21.567 [info] <0.7.0> Application logger started on node nonode@nohost
2016-02-28 21:51:21.579 [info] <0.7.0> Application ranch started on node nonode@nohost
2016-02-28 21:51:21.583 [info] <0.7.0> Application cowlib started on node nonode@nohost
2016-02-28 21:51:21.602 [info] <0.7.0> Application cowboy started on node nonode@nohost
2016-02-28 21:51:21.612 [info] <0.7.0> Application plug started on node nonode@nohost
2016-02-28 21:51:21.617 [info] <0.7.0> Application connection started on node nonode@nohost
2016-02-28 21:51:21.620 [info] <0.250.0>@exometer_report_influxdb:exometer_init:85 InfluxDB reporter connecting success: []
2016-02-28 21:51:21.624 [info] <0.7.0> Application db_connection started on node nonode@nohost
2016-02-28 21:51:21.626 [info] <0.7.0> Application decimal started on node nonode@nohost
2016-02-28 21:51:21.631 [info] <0.7.0> Application postgrex started on node nonode@nohost
2016-02-28 21:51:21.634 [info] <0.7.0> Application poolboy started on node nonode@nohost
2016-02-28 21:51:21.637 [info] <0.7.0> Application ecto started on node nonode@nohost
2016-02-28 21:51:21.638 [info] <0.7.0> Application httpoison started on node nonode@nohost
2016-02-28 21:51:21.645 [info] <0.7.0> Application exometer started on node nonode@nohost
2016-02-28 21:51:21.649 [info] <0.7.0> Application elixometer started on node nonode@nohost
2016-02-28 21:51:21.649 [info] <0.7.0> Application loggex started on node nonode@nohost
2016-02-28 21:51:21.659 [info] <0.7.0> Application ex_unit started on node nonode@nohost
2016-02-28 21:53:04.579 [info] <0.7.0> Application lager started on node nonode@nohost
2016-02-28 21:53:04.582 [info] <0.7.0> Application setup started on node nonode@nohost
2016-02-28 21:53:04.599 [info] <0.313.0>@exometer_report:do_start_reporters:632 Starting reporters with [{reporters,[{exometer_report_influxdb,[]}]}]
2016-02-28 21:53:04.599 [info] <0.7.0> Application exometer_core started on node nonode@nohost
2016-02-28 21:53:04.599 [info] <0.7.0> Application exometer_influxdb started on node nonode@nohost
2016-02-28 21:53:04.600 [info] <0.7.0> Application logger started on node nonode@nohost
2016-02-28 21:53:04.615 [info] <0.7.0> Application ranch started on node nonode@nohost
2016-02-28 21:53:04.638 [info] <0.7.0> Application cowlib started on node nonode@nohost
2016-02-28 21:53:04.649 [info] <0.7.0> Application cowboy started on node nonode@nohost
2016-02-28 21:53:04.653 [info] <0.7.0> Application plug started on node nonode@nohost
2016-02-28 21:53:04.657 [info] <0.316.0>@exometer_report_influxdb:exometer_init:85 InfluxDB reporter connecting success: []
2016-02-28 21:53:04.660 [info] <0.7.0> Application connection started on node nonode@nohost
2016-02-28 21:53:04.668 [info] <0.7.0> Application db_connection started on node nonode@nohost
2016-02-28 21:53:04.670 [info] <0.7.0> Application decimal started on node nonode@nohost
2016-02-28 21:53:04.681 [info] <0.7.0> Application postgrex started on node nonode@nohost
2016-02-28 21:53:04.691 [info] <0.7.0> Application poolboy started on node nonode@nohost
2016-02-28 21:53:04.696 [info] <0.7.0> Application ecto started on node nonode@nohost
2016-02-28 21:53:04.698 [info] <0.7.0> Application httpoison started on node nonode@nohost
2016-02-28 21:53:04.703 [info] <0.7.0> Application exometer started on node nonode@nohost
2016-02-28 21:53:04.705 [info] <0.7.0> Application elixometer started on node nonode@nohost
2016-02-28 21:53:04.706 [info] <0.7.0> Application loggex started on node nonode@nohost
2016-02-28 21:54:49.347 [info] <0.7.0> Application lager started on node nonode@nohost
2016-02-28 21:54:49.353 [info] <0.7.0> Application setup started on node nonode@nohost
2016-02-28 21:54:49.370 [info] <0.256.0>@exometer_report:do_start_reporters:632 Starting reporters with [{reporters,[{exometer_report_influxdb,[]}]}]
2016-02-28 21:54:49.370 [info] <0.7.0> Application exometer_core started on node nonode@nohost
2016-02-28 21:54:49.370 [info] <0.7.0> Application exometer_influxdb started on node nonode@nohost
2016-02-28 21:54:49.370 [info] <0.7.0> Application logger started on node nonode@nohost
2016-02-28 21:54:49.387 [info] <0.7.0> Application ranch started on node nonode@nohost
2016-02-28 21:54:49.392 [info] <0.7.0> Application cowlib started on node nonode@nohost
2016-02-28 21:54:49.413 [info] <0.7.0> Application cowboy started on node nonode@nohost
2016-02-28 21:54:49.422 [info] <0.7.0> Application plug started on node nonode@nohost
2016-02-28 21:54:49.426 [info] <0.7.0> Application connection started on node nonode@nohost
2016-02-28 21:54:49.427 [info] <0.259.0>@exometer_report_influxdb:exometer_init:85 InfluxDB reporter connecting success: []
2016-02-28 21:54:49.435 [info] <0.7.0> Application db_connection started on node nonode@nohost
2016-02-28 21:54:49.437 [info] <0.7.0> Application decimal started on node nonode@nohost
2016-02-28 21:54:49.442 [info] <0.7.0> Application postgrex started on node nonode@nohost
2016-02-28 21:54:49.445 [info] <0.7.0> Application poolboy started on node nonode@nohost
2016-02-28 21:54:49.450 [info] <0.7.0> Application ecto started on node nonode@nohost
2016-02-28 21:54:49.451 [info] <0.7.0> Application httpoison started on node nonode@nohost
2016-02-28 21:54:49.456 [info] <0.7.0> Application exometer started on node nonode@nohost
2016-02-28 21:54:49.460 [info] <0.7.0> Application elixometer started on node nonode@nohost
2016-02-28 21:54:49.460 [info] <0.7.0> Application loggex started on node nonode@nohost
2016-02-28 21:59:06.703 [warning] <0.6.0> lager_error_logger_h dropped 48 messages in the last second that exceeded the limit of 50 messages/sec
2016-02-28 21:59:06.703 [error] <0.362.0> Ranch listener 'Elixir.Loggex.HTTP' had connection process started with cowboy_protocol:start_link/4 at <0.479.0> exit with reason: {{#{'__exception__' => true,'__struct__' => 'Elixir.ArgumentError',message => <<"cannot cast nil to datetime">>},[{'Elixir.Ecto.DateTime','cast!',1,[{file,"lib/ecto/date_time.ex"},{line,475}]},{'Elixir.Loggex',timefixer,2,[{file,"lib/loggex.ex"},{line,33}]},{'Elixir.Loggex',plug_builder_call,2,[{file,"lib/loggex.ex"},{line,1}]},{'Elixir.Plug.Adapters.Cowboy.Handler',upgrade,4,[{file,"lib/plug/adapters/cowboy/handler.ex"},{line,15}]},{cowboy_protocol,execute,4,[{file,"src/cowboy_protocol.erl"},{line,442}]}]},{'Elixir.Loggex',call,[#{'__struct__' => 'Elixir.Plug.Conn',adapter => {'Elixir.Plug.Adapters.Cowboy.Conn',{http_req,#Port<0.11331>,ranch_tcp,keepalive,<0.479.0>,<<"POST">>,'HTTP/1.1',{{127,0,0,1},49827},<<"localhost">>,undefined,6438,<<"/log,">>,undefined,<<>>,undefined,[],[{<<"host">>,<<"localhost:6438">>},{<<"content-length">>,<<"0">>},{<<"accept-encoding">>,<<"gzip, deflate">>},{<<"2016-02-29t02">>,<<"58:09Z">>},{<<"accept">>,<<"*/*">>},{<<"user-agent">>,<<"HTTPie/0.9.2">>},{<<"connection">>,<<"keep-alive">>},{<<"sendtime">>,<<>>}],[{<<"connection">>,[<<"keep-alive">>]}],undefined,[],waiting,<<>>,undefined,false,waiting,[],<<>>,undefined}},assigns => #{},before_send => [],body_params => #{'__struct__' => 'Elixir.Plug.Conn.Unfetched',aspect => body_params},cookies => #{'__struct__' => 'Elixir.Plug.Conn.Unfetched',aspect => cookies},halted => false,host => <<"localhost">>,method => <<"POST">>,owner => <0.479.0>,params => #{'__struct__' => 'Elixir.Plug.Conn.Unfetched',aspect => params},path_info => [<<"log,">>],peer => {{127,0,0,1},49827},port => 6438,private => #{},query_params => #{'__struct__' => 'Elixir.Plug.Conn.Unfetched',aspect => query_params},query_string => <<>>,remote_ip => {127,0,0,1},req_cookies => #{'__struct__' => 'Elixir.Plug.Conn.Unfetched',aspect => cookies},req_headers => [{<<"host">>,<<"localhost:6438">>},{<<"content-length">>,<<"0">>},{<<"accept-encoding">>,<<"gzip, deflate">>},{<<"2016-02-29t02">>,<<"58:09Z">>},{<<"accept">>,<<"*/*">>},{<<"user-agent">>,<<"HTTPie/0.9.2">>},{<<"connection">>,<<"keep-alive">>},{<<"sendtime">>,<<>>}],request_path => <<"/log,">>,resp_body => nil,resp_cookies => #{},resp_headers => [{<<"cache-control">>,<<"max-age=0, private, must-revalidate">>}],scheme => http,script_name => [],secret_key_base => nil,state => unset,status => nil},[]]}}

2016-02-28 22:00:42.673 [error] <0.362.0> Ranch listener 'Elixir.Loggex.HTTP' had connection process started with cowboy_protocol:start_link/4 at <0.480.0> exit with reason: {{#{'__exception__' => true,'__struct__' => 'Elixir.FunctionClauseError',arity => 4,function => do_match,module => 'Elixir.Loggex'},[{'Elixir.Loggex',do_match,[#{'__struct__' => 'Elixir.Plug.Conn',adapter => {'Elixir.Plug.Adapters.Cowboy.Conn',{http_req,#Port<0.11634>,ranch_tcp,keepalive,<0.480.0>,<<"POST">>,'HTTP/1.1',{{127,0,0,1},49898},<<"localhost">>,undefined,6438,<<"/log,">>,undefined,<<>>,undefined,[],[{<<"host">>,<<"localhost:6438">>},{<<"content-length">>,<<"36">>},{<<"accept-encoding">>,<<"gzip, deflate">>},{<<"accept">>,<<"application/json">>},{<<"user-agent">>,<<"HTTPie/0.9.2">>},{<<"connection">>,<<"keep-alive">>},{<<"content-type">>,<<"application/json">>}],[{<<"content-length">>,36},{<<"expect">>,undefined},{<<"connection">>,[<<"keep-alive">>]}],undefined,[],done,<<>>,undefined,false,waiting,[],<<>>,undefined}},assigns => #{},before_send => [],body_params => #{<<"sendtime">> => <<"2016-02-29T02:58:09Z">>},cookies => #{'__struct__' => 'Elixir.Plug.Conn.Unfetched',aspect => cookies},halted => false,host => <<"localhost">>,method => <<"POST">>,owner => <0.480.0>,params => #{<<"sendtime">> => #{'__struct__' => 'Elixir.Ecto.DateTime',day => 29,hour => 2,min => 58,month => 2,sec => 9,usec => 0,year => 2016}},path_info => [<<"log,">>],peer => {{127,0,0,1},49898},port => 6438,private => #{},query_params => #{},query_string => <<>>,remote_ip => {127,0,0,1},req_cookies => #{'__struct__' => 'Elixir.Plug.Conn.Unfetched',aspect => cookies},req_headers => [{<<"host">>,<<"localhost:6438">>},{<<"content-length">>,<<"36">>},{<<"accept-encoding">>,<<"gzip, deflate">>},{<<"accept">>,<<"application/json">>},{<<"user-agent">>,<<"HTTPie/0.9.2">>},{<<"connection">>,<<"keep-alive">>},{<<"content-type">>,<<"application/json">>}],request_path => <<"/log,">>,resp_body => nil,resp_cookies => #{},resp_headers => [{<<"cache-control">>,<<"max-age=0, private, must-revalidate">>}],scheme => http,script_name => [],secret_key_base => nil,state => unset,status => nil},<<"POST">>,[<<"log,">>],<<"localhost">>],[{file,"lib/loggex.ex"},{line,23}]},{'Elixir.Loggex',plug_builder_call,2,[{file,"lib/loggex.ex"},{line,1}]},{'Elixir.Plug.Adapters.Cowboy.Handler',upgrade,4,[{file,"lib/plug/adapters/cowboy/handler.ex"},{line,15}]},{cowboy_protocol,execute,4,[{file,"src/cowboy_protocol.erl"},{line,442}]}]},{'Elixir.Loggex',call,[#{'__struct__' => 'Elixir.Plug.Conn',adapter => {'Elixir.Plug.Adapters.Cowboy.Conn',{http_req,#Port<0.11634>,ranch_tcp,keepalive,<0.480.0>,<<"POST">>,'HTTP/1.1',{{127,0,0,1},49898},<<"localhost">>,undefined,6438,<<"/log,">>,undefined,<<>>,undefined,[],[{<<"host">>,<<"localhost:6438">>},{<<"content-length">>,<<"36">>},{<<"accept-encoding">>,<<"gzip, deflate">>},{<<"accept">>,<<"application/json">>},{<<"user-agent">>,<<"HTTPie/0.9.2">>},{<<"connection">>,<<"keep-alive">>},{<<"content-type">>,<<"application/json">>}],[{<<"connection">>,[<<"keep-alive">>]}],undefined,[],waiting,<<"{\"sendtime\": \"2016-02-29T02:58:09Z\"}">>,undefined,false,waiting,[],<<>>,undefined}},assigns => #{},before_send => [],body_params => #{'__struct__' => 'Elixir.Plug.Conn.Unfetched',aspect => body_params},cookies => #{'__struct__' => 'Elixir.Plug.Conn.Unfetched',aspect => cookies},halted => false,host => <<"localhost">>,method => <<"POST">>,owner => <0.480.0>,params => #{'__struct__' => 'Elixir.Plug.Conn.Unfetched',aspect => params},path_info => [<<"log,">>],peer => {{127,0,0,1},49898},port => 6438,private => #{},query_params => #{'__struct__' => 'Elixir.Plug.Conn.Unfetched',aspect => query_params},query_string => <<>>,remote_ip => {127,0,0,1},req_cookies => #{'__struct__' => 'Elixir.Plug.Conn.Unfetched',aspect => cookies},req_headers => [{<<"host">>,<<"localhost:6438">>},{<<"content-length">>,<<"36">>},{<<"accept-encoding">>,<<"gzip, deflate">>},{<<"accept">>,<<"application/json">>},{<<"user-agent">>,<<"HTTPie/0.9.2">>},{<<"connecti...">>,...},...],...},...]}}

2016-02-28 22:00:54.494 [error] <0.362.0> Ranch listener 'Elixir.Loggex.HTTP' had connection process started with cowboy_protocol:start_link/4 at <0.482.0> exit with reason: {{#{'__exception__' => true,'__struct__' => 'Elixir.FunctionClauseError',arity => 4,function => do_match,module => 'Elixir.Loggex'},[{'Elixir.Loggex',do_match,[#{'__struct__' => 'Elixir.Plug.Conn',adapter => {'Elixir.Plug.Adapters.Cowboy.Conn',{http_req,#Port<0.12110>,ranch_tcp,keepalive,<0.482.0>,<<"POST">>,'HTTP/1.1',{{127,0,0,1},49901},<<"localhost">>,undefined,6438,<<"/log,">>,undefined,<<>>,undefined,[],[{<<"host">>,<<"localhost:6438">>},{<<"content-length">>,<<"36">>},{<<"accept-encoding">>,<<"gzip, deflate">>},{<<"accept">>,<<"application/json">>},{<<"user-agent">>,<<"HTTPie/0.9.2">>},{<<"connection">>,<<"keep-alive">>},{<<"content-type">>,<<"application/json">>}],[{<<"content-length">>,36},{<<"expect">>,undefined},{<<"connection">>,[<<"keep-alive">>]}],undefined,[],done,<<>>,undefined,false,waiting,[],<<>>,undefined}},assigns => #{},before_send => [],body_params => #{<<"sendtime">> => <<"2016-02-29T02:58:09Z">>},cookies => #{'__struct__' => 'Elixir.Plug.Conn.Unfetched',aspect => cookies},halted => false,host => <<"localhost">>,method => <<"POST">>,owner => <0.482.0>,params => #{<<"sendtime">> => #{'__struct__' => 'Elixir.Ecto.DateTime',day => 29,hour => 2,min => 58,month => 2,sec => 9,usec => 0,year => 2016}},path_info => [<<"log,">>],peer => {{127,0,0,1},49901},port => 6438,private => #{},query_params => #{},query_string => <<>>,remote_ip => {127,0,0,1},req_cookies => #{'__struct__' => 'Elixir.Plug.Conn.Unfetched',aspect => cookies},req_headers => [{<<"host">>,<<"localhost:6438">>},{<<"content-length">>,<<"36">>},{<<"accept-encoding">>,<<"gzip, deflate">>},{<<"accept">>,<<"application/json">>},{<<"user-agent">>,<<"HTTPie/0.9.2">>},{<<"connection">>,<<"keep-alive">>},{<<"content-type">>,<<"application/json">>}],request_path => <<"/log,">>,resp_body => nil,resp_cookies => #{},resp_headers => [{<<"cache-control">>,<<"max-age=0, private, must-revalidate">>}],scheme => http,script_name => [],secret_key_base => nil,state => unset,status => nil},<<"POST">>,[<<"log,">>],<<"localhost">>],[{file,"lib/loggex.ex"},{line,23}]},{'Elixir.Loggex',plug_builder_call,2,[{file,"lib/loggex.ex"},{line,1}]},{'Elixir.Plug.Adapters.Cowboy.Handler',upgrade,4,[{file,"lib/plug/adapters/cowboy/handler.ex"},{line,15}]},{cowboy_protocol,execute,4,[{file,"src/cowboy_protocol.erl"},{line,442}]}]},{'Elixir.Loggex',call,[#{'__struct__' => 'Elixir.Plug.Conn',adapter => {'Elixir.Plug.Adapters.Cowboy.Conn',{http_req,#Port<0.12110>,ranch_tcp,keepalive,<0.482.0>,<<"POST">>,'HTTP/1.1',{{127,0,0,1},49901},<<"localhost">>,undefined,6438,<<"/log,">>,undefined,<<>>,undefined,[],[{<<"host">>,<<"localhost:6438">>},{<<"content-length">>,<<"36">>},{<<"accept-encoding">>,<<"gzip, deflate">>},{<<"accept">>,<<"application/json">>},{<<"user-agent">>,<<"HTTPie/0.9.2">>},{<<"connection">>,<<"keep-alive">>},{<<"content-type">>,<<"application/json">>}],[{<<"connection">>,[<<"keep-alive">>]}],undefined,[],waiting,<<"{\"sendtime\": \"2016-02-29T02:58:09Z\"}">>,undefined,false,waiting,[],<<>>,undefined}},assigns => #{},before_send => [],body_params => #{'__struct__' => 'Elixir.Plug.Conn.Unfetched',aspect => body_params},cookies => #{'__struct__' => 'Elixir.Plug.Conn.Unfetched',aspect => cookies},halted => false,host => <<"localhost">>,method => <<"POST">>,owner => <0.482.0>,params => #{'__struct__' => 'Elixir.Plug.Conn.Unfetched',aspect => params},path_info => [<<"log,">>],peer => {{127,0,0,1},49901},port => 6438,private => #{},query_params => #{'__struct__' => 'Elixir.Plug.Conn.Unfetched',aspect => query_params},query_string => <<>>,remote_ip => {127,0,0,1},req_cookies => #{'__struct__' => 'Elixir.Plug.Conn.Unfetched',aspect => cookies},req_headers => [{<<"host">>,<<"localhost:6438">>},{<<"content-length">>,<<"36">>},{<<"accept-encoding">>,<<"gzip, deflate">>},{<<"accept">>,<<"application/json">>},{<<"user-agent">>,<<"HTTPie/0.9.2">>},{<<"connecti...">>,...},...],...},...]}}

2016-02-28 22:01:12.131 [info] <0.7.0> Application loggex exited with reason: stopped
2016-02-28 22:01:12.221 [error] <0.12.0> Loading of /usr/local/Cellar/elixir/1.2.1/bin/../lib/iex/ebin/Elixir.IEX.beam failed: badfile
2016-02-28 22:01:12.221 [error] emulator beam/beam_load.c(1278): Error loading module 'Elixir.IEX':
  module name in object code is Elixir.IEx


2016-02-28 22:01:12.284 [info] <0.7.0> Application logger exited with reason: stopped
2016-02-28 22:01:12.284 [info] <0.7.0> Application logger started on node nonode@nohost
2016-02-28 22:01:12.284 [info] <0.7.0> Application loggex started on node nonode@nohost
2016-02-28 22:01:24.125 [info] <0.7.0> Application loggex exited with reason: stopped
2016-02-28 22:01:24.225 [info] <0.7.0> Application logger exited with reason: stopped
2016-02-28 22:01:24.226 [info] <0.7.0> Application logger started on node nonode@nohost
2016-02-28 22:01:24.226 [info] <0.7.0> Application loggex started on node nonode@nohost
2016-02-28 22:01:27.009 [error] <0.362.0> Ranch listener 'Elixir.Loggex.HTTP' had connection process started with cowboy_protocol:start_link/4 at <0.534.0> exit with reason: {{#{'__exception__' => true,'__struct__' => 'Elixir.FunctionClauseError',arity => 4,function => do_match,module => 'Elixir.Loggex'},[{'Elixir.Loggex',do_match,[#{'__struct__' => 'Elixir.Plug.Conn',adapter => {'Elixir.Plug.Adapters.Cowboy.Conn',{http_req,#Port<0.12739>,ranch_tcp,keepalive,<0.534.0>,<<"POST">>,'HTTP/1.1',{{127,0,0,1},49907},<<"localhost">>,undefined,6438,<<"/log,">>,undefined,<<>>,undefined,[],[{<<"host">>,<<"localhost:6438">>},{<<"content-length">>,<<"36">>},{<<"accept-encoding">>,<<"gzip, deflate">>},{<<"accept">>,<<"application/json">>},{<<"user-agent">>,<<"HTTPie/0.9.2">>},{<<"connection">>,<<"keep-alive">>},{<<"content-type">>,<<"application/json">>}],[{<<"content-length">>,36},{<<"expect">>,undefined},{<<"connection">>,[<<"keep-alive">>]}],undefined,[],done,<<>>,undefined,false,waiting,[],<<>>,undefined}},assigns => #{},before_send => [],body_params => #{<<"sendtime">> => <<"2016-02-29T02:58:09Z">>},cookies => #{'__struct__' => 'Elixir.Plug.Conn.Unfetched',aspect => cookies},halted => false,host => <<"localhost">>,method => <<"POST">>,owner => <0.534.0>,params => #{<<"sendtime">> => #{'__struct__' => 'Elixir.Ecto.DateTime',day => 29,hour => 2,min => 58,month => 2,sec => 9,usec => 0,year => 2016}},path_info => [<<"log,">>],peer => {{127,0,0,1},49907},port => 6438,private => #{},query_params => #{},query_string => <<>>,remote_ip => {127,0,0,1},req_cookies => #{'__struct__' => 'Elixir.Plug.Conn.Unfetched',aspect => cookies},req_headers => [{<<"host">>,<<"localhost:6438">>},{<<"content-length">>,<<"36">>},{<<"accept-encoding">>,<<"gzip, deflate">>},{<<"accept">>,<<"application/json">>},{<<"user-agent">>,<<"HTTPie/0.9.2">>},{<<"connection">>,<<"keep-alive">>},{<<"content-type">>,<<"application/json">>}],request_path => <<"/log,">>,resp_body => nil,resp_cookies => #{},resp_headers => [{<<"cache-control">>,<<"max-age=0, private, must-revalidate">>}],scheme => http,script_name => [],secret_key_base => nil,state => unset,status => nil},<<"POST">>,[<<"log,">>],<<"localhost">>],[{file,"lib/loggex.ex"},{line,23}]},{'Elixir.Loggex',plug_builder_call,2,[{file,"lib/loggex.ex"},{line,1}]},{'Elixir.Plug.Adapters.Cowboy.Handler',upgrade,4,[{file,"lib/plug/adapters/cowboy/handler.ex"},{line,15}]},{cowboy_protocol,execute,4,[{file,"src/cowboy_protocol.erl"},{line,442}]}]},{'Elixir.Loggex',call,[#{'__struct__' => 'Elixir.Plug.Conn',adapter => {'Elixir.Plug.Adapters.Cowboy.Conn',{http_req,#Port<0.12739>,ranch_tcp,keepalive,<0.534.0>,<<"POST">>,'HTTP/1.1',{{127,0,0,1},49907},<<"localhost">>,undefined,6438,<<"/log,">>,undefined,<<>>,undefined,[],[{<<"host">>,<<"localhost:6438">>},{<<"content-length">>,<<"36">>},{<<"accept-encoding">>,<<"gzip, deflate">>},{<<"accept">>,<<"application/json">>},{<<"user-agent">>,<<"HTTPie/0.9.2">>},{<<"connection">>,<<"keep-alive">>},{<<"content-type">>,<<"application/json">>}],[{<<"connection">>,[<<"keep-alive">>]}],undefined,[],waiting,<<"{\"sendtime\": \"2016-02-29T02:58:09Z\"}">>,undefined,false,waiting,[],<<>>,undefined}},assigns => #{},before_send => [],body_params => #{'__struct__' => 'Elixir.Plug.Conn.Unfetched',aspect => body_params},cookies => #{'__struct__' => 'Elixir.Plug.Conn.Unfetched',aspect => cookies},halted => false,host => <<"localhost">>,method => <<"POST">>,owner => <0.534.0>,params => #{'__struct__' => 'Elixir.Plug.Conn.Unfetched',aspect => params},path_info => [<<"log,">>],peer => {{127,0,0,1},49907},port => 6438,private => #{},query_params => #{'__struct__' => 'Elixir.Plug.Conn.Unfetched',aspect => query_params},query_string => <<>>,remote_ip => {127,0,0,1},req_cookies => #{'__struct__' => 'Elixir.Plug.Conn.Unfetched',aspect => cookies},req_headers => [{<<"host">>,<<"localhost:6438">>},{<<"content-length">>,<<"36">>},{<<"accept-encoding">>,<<"gzip, deflate">>},{<<"accept">>,<<"application/json">>},{<<"user-agent">>,<<"HTTPie/0.9.2">>},{<<"connecti...">>,...},...],...},...]}}

2016-02-28 22:01:45.973 [error] <0.362.0> Ranch listener 'Elixir.Loggex.HTTP' had connection process started with cowboy_protocol:start_link/4 at <0.536.0> exit with reason: {{#{'__exception__' => true,'__struct__' => 'Elixir.ArgumentError',message => <<"cannot cast nil to datetime">>},[{'Elixir.Ecto.DateTime','cast!',1,[{file,"lib/ecto/date_time.ex"},{line,475}]},{'Elixir.Loggex',timefixer,2,[{file,"lib/loggex.ex"},{line,34}]},{'Elixir.Loggex',plug_builder_call,2,[{file,"lib/loggex.ex"},{line,1}]},{'Elixir.Plug.Adapters.Cowboy.Handler',upgrade,4,[{file,"lib/plug/adapters/cowboy/handler.ex"},{line,15}]},{cowboy_protocol,execute,4,[{file,"src/cowboy_protocol.erl"},{line,442}]}]},{'Elixir.Loggex',call,[#{'__struct__' => 'Elixir.Plug.Conn',adapter => {'Elixir.Plug.Adapters.Cowboy.Conn',{http_req,#Port<0.12746>,ranch_tcp,keepalive,<0.536.0>,<<"POST">>,'HTTP/1.1',{{127,0,0,1},49911},<<"localhost">>,undefined,6438,<<"/log,">>,undefined,<<>>,undefined,[],[{<<"host">>,<<"localhost:6438">>},{<<"content-length">>,<<"0">>},{<<"accept-encoding">>,<<"gzip, deflate">>},{<<"accept">>,<<"*/*">>},{<<"user-agent">>,<<"HTTPie/0.9.2">>},{<<"connection">>,<<"keep-alive">>},{<<"sendtime">>,<<"2016-02-29T02:58:09Z">>}],[{<<"connection">>,[<<"keep-alive">>]}],undefined,[],waiting,<<>>,undefined,false,waiting,[],<<>>,undefined}},assigns => #{},before_send => [],body_params => #{'__struct__' => 'Elixir.Plug.Conn.Unfetched',aspect => body_params},cookies => #{'__struct__' => 'Elixir.Plug.Conn.Unfetched',aspect => cookies},halted => false,host => <<"localhost">>,method => <<"POST">>,owner => <0.536.0>,params => #{'__struct__' => 'Elixir.Plug.Conn.Unfetched',aspect => params},path_info => [<<"log,">>],peer => {{127,0,0,1},49911},port => 6438,private => #{},query_params => #{'__struct__' => 'Elixir.Plug.Conn.Unfetched',aspect => query_params},query_string => <<>>,remote_ip => {127,0,0,1},req_cookies => #{'__struct__' => 'Elixir.Plug.Conn.Unfetched',aspect => cookies},req_headers => [{<<"host">>,<<"localhost:6438">>},{<<"content-length">>,<<"0">>},{<<"accept-encoding">>,<<"gzip, deflate">>},{<<"accept">>,<<"*/*">>},{<<"user-agent">>,<<"HTTPie/0.9.2">>},{<<"connection">>,<<"keep-alive">>},{<<"sendtime">>,<<"2016-02-29T02:58:09Z">>}],request_path => <<"/log,">>,resp_body => nil,resp_cookies => #{},resp_headers => [{<<"cache-control">>,<<"max-age=0, private, must-revalidate">>}],scheme => http,script_name => [],secret_key_base => nil,state => unset,status => nil},[]]}}

2016-02-28 22:02:08.544 [error] <0.362.0> Ranch listener 'Elixir.Loggex.HTTP' had connection process started with cowboy_protocol:start_link/4 at <0.537.0> exit with reason: {{#{'__exception__' => true,'__struct__' => 'Elixir.ArgumentError',message => <<"cannot cast nil to datetime">>},[{'Elixir.Ecto.DateTime','cast!',1,[{file,"lib/ecto/date_time.ex"},{line,475}]},{'Elixir.Loggex',timefixer,2,[{file,"lib/loggex.ex"},{line,34}]},{'Elixir.Loggex',plug_builder_call,2,[{file,"lib/loggex.ex"},{line,1}]},{'Elixir.Plug.Adapters.Cowboy.Handler',upgrade,4,[{file,"lib/plug/adapters/cowboy/handler.ex"},{line,15}]},{cowboy_protocol,execute,4,[{file,"src/cowboy_protocol.erl"},{line,442}]}]},{'Elixir.Loggex',call,[#{'__struct__' => 'Elixir.Plug.Conn',adapter => {'Elixir.Plug.Adapters.Cowboy.Conn',{http_req,#Port<0.12747>,ranch_tcp,keepalive,<0.537.0>,<<"POST">>,'HTTP/1.1',{{127,0,0,1},49916},<<"localhost">>,undefined,6438,<<"/log,">>,undefined,<<>>,undefined,[],[{<<"host">>,<<"localhost:6438">>},{<<"content-length">>,<<"0">>},{<<"accept-encoding">>,<<"gzip, deflate">>},{<<"accept">>,<<"*/*">>},{<<"user-agent">>,<<"HTTPie/0.9.2">>},{<<"connection">>,<<"keep-alive">>},{<<"sendtime">>,<<"2016-02-29T02:58:09Z">>}],[{<<"connection">>,[<<"keep-alive">>]}],undefined,[],waiting,<<>>,undefined,false,waiting,[],<<>>,undefined}},assigns => #{},before_send => [],body_params => #{'__struct__' => 'Elixir.Plug.Conn.Unfetched',aspect => body_params},cookies => #{'__struct__' => 'Elixir.Plug.Conn.Unfetched',aspect => cookies},halted => false,host => <<"localhost">>,method => <<"POST">>,owner => <0.537.0>,params => #{'__struct__' => 'Elixir.Plug.Conn.Unfetched',aspect => params},path_info => [<<"log,">>],peer => {{127,0,0,1},49916},port => 6438,private => #{},query_params => #{'__struct__' => 'Elixir.Plug.Conn.Unfetched',aspect => query_params},query_string => <<>>,remote_ip => {127,0,0,1},req_cookies => #{'__struct__' => 'Elixir.Plug.Conn.Unfetched',aspect => cookies},req_headers => [{<<"host">>,<<"localhost:6438">>},{<<"content-length">>,<<"0">>},{<<"accept-encoding">>,<<"gzip, deflate">>},{<<"accept">>,<<"*/*">>},{<<"user-agent">>,<<"HTTPie/0.9.2">>},{<<"connection">>,<<"keep-alive">>},{<<"sendtime">>,<<"2016-02-29T02:58:09Z">>}],request_path => <<"/log,">>,resp_body => nil,resp_cookies => #{},resp_headers => [{<<"cache-control">>,<<"max-age=0, private, must-revalidate">>}],scheme => http,script_name => [],secret_key_base => nil,state => unset,status => nil},[]]}}

2016-02-28 22:02:12.680 [info] <0.7.0> Application loggex exited with reason: stopped
2016-02-28 22:02:12.799 [info] <0.7.0> Application logger exited with reason: stopped
2016-02-28 22:02:12.799 [info] <0.7.0> Application logger started on node nonode@nohost
2016-02-28 22:02:12.800 [info] <0.7.0> Application loggex started on node nonode@nohost
2016-02-28 22:02:49.688 [error] <0.362.0> Ranch listener 'Elixir.Loggex.HTTP' had connection process started with cowboy_protocol:start_link/4 at <0.561.0> exit with reason: {{#{'__exception__' => true,'__struct__' => 'Elixir.ArgumentError',message => <<"cannot cast nil to datetime">>},[{'Elixir.Ecto.DateTime','cast!',1,[{file,"lib/ecto/date_time.ex"},{line,475}]},{'Elixir.Loggex',timefixer,2,[{file,"lib/loggex.ex"},{line,34}]},{'Elixir.Loggex',plug_builder_call,2,[{file,"lib/loggex.ex"},{line,1}]},{'Elixir.Plug.Adapters.Cowboy.Handler',upgrade,4,[{file,"lib/plug/adapters/cowboy/handler.ex"},{line,15}]},{cowboy_protocol,execute,4,[{file,"src/cowboy_protocol.erl"},{line,442}]}]},{'Elixir.Loggex',call,[#{'__struct__' => 'Elixir.Plug.Conn',adapter => {'Elixir.Plug.Adapters.Cowboy.Conn',{http_req,#Port<0.12871>,ranch_tcp,keepalive,<0.561.0>,<<"POST">>,'HTTP/1.1',{{127,0,0,1},49918},<<"localhost">>,undefined,6438,<<"/log,">>,undefined,<<>>,undefined,[],[{<<"host">>,<<"localhost:6438">>},{<<"content-length">>,<<"0">>},{<<"accept-encoding">>,<<"gzip, deflate">>},{<<"accept">>,<<"*/*">>},{<<"user-agent">>,<<"HTTPie/0.9.2">>},{<<"connection">>,<<"keep-alive">>},{<<"sendtime">>,<<"2016-02-29T02:58:09Z">>}],[{<<"connection">>,[<<"keep-alive">>]}],undefined,[],waiting,<<>>,undefined,false,waiting,[],<<>>,undefined}},assigns => #{},before_send => [],body_params => #{'__struct__' => 'Elixir.Plug.Conn.Unfetched',aspect => body_params},cookies => #{'__struct__' => 'Elixir.Plug.Conn.Unfetched',aspect => cookies},halted => false,host => <<"localhost">>,method => <<"POST">>,owner => <0.561.0>,params => #{'__struct__' => 'Elixir.Plug.Conn.Unfetched',aspect => params},path_info => [<<"log,">>],peer => {{127,0,0,1},49918},port => 6438,private => #{},query_params => #{'__struct__' => 'Elixir.Plug.Conn.Unfetched',aspect => query_params},query_string => <<>>,remote_ip => {127,0,0,1},req_cookies => #{'__struct__' => 'Elixir.Plug.Conn.Unfetched',aspect => cookies},req_headers => [{<<"host">>,<<"localhost:6438">>},{<<"content-length">>,<<"0">>},{<<"accept-encoding">>,<<"gzip, deflate">>},{<<"accept">>,<<"*/*">>},{<<"user-agent">>,<<"HTTPie/0.9.2">>},{<<"connection">>,<<"keep-alive">>},{<<"sendtime">>,<<"2016-02-29T02:58:09Z">>}],request_path => <<"/log,">>,resp_body => nil,resp_cookies => #{},resp_headers => [{<<"cache-control">>,<<"max-age=0, private, must-revalidate">>}],scheme => http,script_name => [],secret_key_base => nil,state => unset,status => nil},[]]}}

2016-02-28 22:03:42.977 [error] <0.362.0> Ranch listener 'Elixir.Loggex.HTTP' had connection process started with cowboy_protocol:start_link/4 at <0.566.0> exit with reason: {{#{'__exception__' => true,'__struct__' => 'Elixir.FunctionClauseError',arity => 4,function => do_match,module => 'Elixir.Loggex'},[{'Elixir.Loggex',do_match,[#{'__struct__' => 'Elixir.Plug.Conn',adapter => {'Elixir.Plug.Adapters.Cowboy.Conn',{http_req,#Port<0.12951>,ranch_tcp,keepalive,<0.566.0>,<<"POST">>,'HTTP/1.1',{{127,0,0,1},49923},<<"localhost">>,undefined,6438,<<"/log,">>,undefined,<<>>,undefined,[],[{<<"host">>,<<"localhost:6438">>},{<<"content-length">>,<<"36">>},{<<"accept-encoding">>,<<"gzip, deflate">>},{<<"accept">>,<<"application/json">>},{<<"user-agent">>,<<"HTTPie/0.9.2">>},{<<"connection">>,<<"keep-alive">>},{<<"content-type">>,<<"application/json">>}],[{<<"content-length">>,36},{<<"expect">>,undefined},{<<"connection">>,[<<"keep-alive">>]}],undefined,[],done,<<>>,undefined,false,waiting,[],<<>>,undefined}},assigns => #{},before_send => [],body_params => #{<<"sendtime">> => <<"2016-02-29T02:58:09Z">>},cookies => #{'__struct__' => 'Elixir.Plug.Conn.Unfetched',aspect => cookies},halted => false,host => <<"localhost">>,method => <<"POST">>,owner => <0.566.0>,params => #{<<"sendtime">> => #{'__struct__' => 'Elixir.Ecto.DateTime',day => 29,hour => 2,min => 58,month => 2,sec => 9,usec => 0,year => 2016}},path_info => [<<"log,">>],peer => {{127,0,0,1},49923},port => 6438,private => #{},query_params => #{},query_string => <<>>,remote_ip => {127,0,0,1},req_cookies => #{'__struct__' => 'Elixir.Plug.Conn.Unfetched',aspect => cookies},req_headers => [{<<"host">>,<<"localhost:6438">>},{<<"content-length">>,<<"36">>},{<<"accept-encoding">>,<<"gzip, deflate">>},{<<"accept">>,<<"application/json">>},{<<"user-agent">>,<<"HTTPie/0.9.2">>},{<<"connection">>,<<"keep-alive">>},{<<"content-type">>,<<"application/json">>}],request_path => <<"/log,">>,resp_body => nil,resp_cookies => #{},resp_headers => [{<<"cache-control">>,<<"max-age=0, private, must-revalidate">>}],scheme => http,script_name => [],secret_key_base => nil,state => unset,status => nil},<<"POST">>,[<<"log,">>],<<"localhost">>],[{file,"lib/loggex.ex"},{line,23}]},{'Elixir.Loggex',plug_builder_call,2,[{file,"lib/loggex.ex"},{line,1}]},{'Elixir.Plug.Adapters.Cowboy.Handler',upgrade,4,[{file,"lib/plug/adapters/cowboy/handler.ex"},{line,15}]},{cowboy_protocol,execute,4,[{file,"src/cowboy_protocol.erl"},{line,442}]}]},{'Elixir.Loggex',call,[#{'__struct__' => 'Elixir.Plug.Conn',adapter => {'Elixir.Plug.Adapters.Cowboy.Conn',{http_req,#Port<0.12951>,ranch_tcp,keepalive,<0.566.0>,<<"POST">>,'HTTP/1.1',{{127,0,0,1},49923},<<"localhost">>,undefined,6438,<<"/log,">>,undefined,<<>>,undefined,[],[{<<"host">>,<<"localhost:6438">>},{<<"content-length">>,<<"36">>},{<<"accept-encoding">>,<<"gzip, deflate">>},{<<"accept">>,<<"application/json">>},{<<"user-agent">>,<<"HTTPie/0.9.2">>},{<<"connection">>,<<"keep-alive">>},{<<"content-type">>,<<"application/json">>}],[{<<"connection">>,[<<"keep-alive">>]}],undefined,[],waiting,<<"{\"sendtime\": \"2016-02-29T02:58:09Z\"}">>,undefined,false,waiting,[],<<>>,undefined}},assigns => #{},before_send => [],body_params => #{'__struct__' => 'Elixir.Plug.Conn.Unfetched',aspect => body_params},cookies => #{'__struct__' => 'Elixir.Plug.Conn.Unfetched',aspect => cookies},halted => false,host => <<"localhost">>,method => <<"POST">>,owner => <0.566.0>,params => #{'__struct__' => 'Elixir.Plug.Conn.Unfetched',aspect => params},path_info => [<<"log,">>],peer => {{127,0,0,1},49923},port => 6438,private => #{},query_params => #{'__struct__' => 'Elixir.Plug.Conn.Unfetched',aspect => query_params},query_string => <<>>,remote_ip => {127,0,0,1},req_cookies => #{'__struct__' => 'Elixir.Plug.Conn.Unfetched',aspect => cookies},req_headers => [{<<"host">>,<<"localhost:6438">>},{<<"content-length">>,<<"36">>},{<<"accept-encoding">>,<<"gzip, deflate">>},{<<"accept">>,<<"application/json">>},{<<"user-agent">>,<<"HTTPie/0.9.2">>},{<<"connecti...">>,...},...],...},...]}}

2016-02-28 22:04:23.125 [info] <0.7.0> Application loggex exited with reason: stopped
2016-02-28 22:04:23.248 [info] <0.7.0> Application logger exited with reason: stopped
2016-02-28 22:04:23.248 [info] <0.7.0> Application logger started on node nonode@nohost
2016-02-28 22:04:23.248 [info] <0.7.0> Application loggex started on node nonode@nohost
2016-02-28 22:04:25.531 [error] <0.362.0> Ranch listener 'Elixir.Loggex.HTTP' had connection process started with cowboy_protocol:start_link/4 at <0.597.0> exit with reason: {{#{'__exception__' => true,'__struct__' => 'Elixir.FunctionClauseError',arity => 4,function => do_match,module => 'Elixir.Loggex'},[{'Elixir.Loggex',do_match,[#{'__struct__' => 'Elixir.Plug.Conn',adapter => {'Elixir.Plug.Adapters.Cowboy.Conn',{http_req,#Port<0.13151>,ranch_tcp,keepalive,<0.597.0>,<<"POST">>,'HTTP/1.1',{{127,0,0,1},49933},<<"localhost">>,undefined,6438,<<"/log,">>,undefined,<<>>,undefined,[],[{<<"host">>,<<"localhost:6438">>},{<<"content-length">>,<<"36">>},{<<"accept-encoding">>,<<"gzip, deflate">>},{<<"accept">>,<<"application/json">>},{<<"user-agent">>,<<"HTTPie/0.9.2">>},{<<"connection">>,<<"keep-alive">>},{<<"content-type">>,<<"application/json">>}],[{<<"content-length">>,36},{<<"expect">>,undefined},{<<"connection">>,[<<"keep-alive">>]}],undefined,[],done,<<>>,undefined,false,waiting,[],<<>>,undefined}},assigns => #{},before_send => [],body_params => #{<<"sendtime">> => <<"2016-02-29T02:58:09Z">>},cookies => #{'__struct__' => 'Elixir.Plug.Conn.Unfetched',aspect => cookies},halted => false,host => <<"localhost">>,method => <<"POST">>,owner => <0.597.0>,params => #{<<"sendtime">> => #{'__struct__' => 'Elixir.Ecto.DateTime',day => 29,hour => 2,min => 58,month => 2,sec => 9,usec => 0,year => 2016}},path_info => [<<"log,">>],peer => {{127,0,0,1},49933},port => 6438,private => #{},query_params => #{},query_string => <<>>,remote_ip => {127,0,0,1},req_cookies => #{'__struct__' => 'Elixir.Plug.Conn.Unfetched',aspect => cookies},req_headers => [{<<"host">>,<<"localhost:6438">>},{<<"content-length">>,<<"36">>},{<<"accept-encoding">>,<<"gzip, deflate">>},{<<"accept">>,<<"application/json">>},{<<"user-agent">>,<<"HTTPie/0.9.2">>},{<<"connection">>,<<"keep-alive">>},{<<"content-type">>,<<"application/json">>}],request_path => <<"/log,">>,resp_body => nil,resp_cookies => #{},resp_headers => [{<<"cache-control">>,<<"max-age=0, private, must-revalidate">>}],scheme => http,script_name => [],secret_key_base => nil,state => unset,status => nil},<<"POST">>,[<<"log,">>],<<"localhost">>],[{file,"lib/loggex.ex"},{line,23}]},{'Elixir.Loggex',plug_builder_call,2,[{file,"lib/loggex.ex"},{line,1}]},{'Elixir.Plug.Adapters.Cowboy.Handler',upgrade,4,[{file,"lib/plug/adapters/cowboy/handler.ex"},{line,15}]},{cowboy_protocol,execute,4,[{file,"src/cowboy_protocol.erl"},{line,442}]}]},{'Elixir.Loggex',call,[#{'__struct__' => 'Elixir.Plug.Conn',adapter => {'Elixir.Plug.Adapters.Cowboy.Conn',{http_req,#Port<0.13151>,ranch_tcp,keepalive,<0.597.0>,<<"POST">>,'HTTP/1.1',{{127,0,0,1},49933},<<"localhost">>,undefined,6438,<<"/log,">>,undefined,<<>>,undefined,[],[{<<"host">>,<<"localhost:6438">>},{<<"content-length">>,<<"36">>},{<<"accept-encoding">>,<<"gzip, deflate">>},{<<"accept">>,<<"application/json">>},{<<"user-agent">>,<<"HTTPie/0.9.2">>},{<<"connection">>,<<"keep-alive">>},{<<"content-type">>,<<"application/json">>}],[{<<"connection">>,[<<"keep-alive">>]}],undefined,[],waiting,<<"{\"sendtime\": \"2016-02-29T02:58:09Z\"}">>,undefined,false,waiting,[],<<>>,undefined}},assigns => #{},before_send => [],body_params => #{'__struct__' => 'Elixir.Plug.Conn.Unfetched',aspect => body_params},cookies => #{'__struct__' => 'Elixir.Plug.Conn.Unfetched',aspect => cookies},halted => false,host => <<"localhost">>,method => <<"POST">>,owner => <0.597.0>,params => #{'__struct__' => 'Elixir.Plug.Conn.Unfetched',aspect => params},path_info => [<<"log,">>],peer => {{127,0,0,1},49933},port => 6438,private => #{},query_params => #{'__struct__' => 'Elixir.Plug.Conn.Unfetched',aspect => query_params},query_string => <<>>,remote_ip => {127,0,0,1},req_cookies => #{'__struct__' => 'Elixir.Plug.Conn.Unfetched',aspect => cookies},req_headers => [{<<"host">>,<<"localhost:6438">>},{<<"content-length">>,<<"36">>},{<<"accept-encoding">>,<<"gzip, deflate">>},{<<"accept">>,<<"application/json">>},{<<"user-agent">>,<<"HTTPie/0.9.2">>},{<<"connecti...">>,...},...],...},...]}}

2016-02-28 22:05:44.505 [info] <0.7.0> Application loggex exited with reason: stopped
2016-02-28 22:05:44.610 [info] <0.7.0> Application logger exited with reason: stopped
2016-02-28 22:05:44.611 [info] <0.7.0> Application logger started on node nonode@nohost
2016-02-28 22:05:44.611 [info] <0.7.0> Application loggex started on node nonode@nohost
2016-02-28 22:06:34.508 [error] <0.362.0> Ranch listener 'Elixir.Loggex.HTTP' had connection process started with cowboy_protocol:start_link/4 at <0.622.0> exit with reason: {{#{'__exception__' => true,'__struct__' => 'Elixir.FunctionClauseError',arity => 4,function => do_match,module => 'Elixir.Loggex'},[{'Elixir.Loggex',do_match,[#{'__struct__' => 'Elixir.Plug.Conn',adapter => {'Elixir.Plug.Adapters.Cowboy.Conn',{http_req,#Port<0.13281>,ranch_tcp,keepalive,<0.622.0>,<<"POST">>,'HTTP/1.1',{{127,0,0,1},49939},<<"localhost">>,undefined,6438,<<"/log,">>,undefined,<<>>,undefined,[],[{<<"host">>,<<"localhost:6438">>},{<<"content-length">>,<<"36">>},{<<"accept-encoding">>,<<"gzip, deflate">>},{<<"accept">>,<<"application/json">>},{<<"user-agent">>,<<"HTTPie/0.9.2">>},{<<"connection">>,<<"keep-alive">>},{<<"content-type">>,<<"application/json">>}],[{<<"content-length">>,36},{<<"expect">>,undefined},{<<"connection">>,[<<"keep-alive">>]}],undefined,[],done,<<>>,undefined,false,waiting,[],<<>>,undefined}},assigns => #{},before_send => [],body_params => #{<<"sendtime">> => <<"2016-02-29T02:58:09Z">>},cookies => #{'__struct__' => 'Elixir.Plug.Conn.Unfetched',aspect => cookies},halted => false,host => <<"localhost">>,method => <<"POST">>,owner => <0.622.0>,params => #{<<"sendtime">> => #{'__struct__' => 'Elixir.Ecto.DateTime',day => 29,hour => 2,min => 58,month => 2,sec => 9,usec => 0,year => 2016}},path_info => [<<"log,">>],peer => {{127,0,0,1},49939},port => 6438,private => #{},query_params => #{},query_string => <<>>,remote_ip => {127,0,0,1},req_cookies => #{'__struct__' => 'Elixir.Plug.Conn.Unfetched',aspect => cookies},req_headers => [{<<"host">>,<<"localhost:6438">>},{<<"content-length">>,<<"36">>},{<<"accept-encoding">>,<<"gzip, deflate">>},{<<"accept">>,<<"application/json">>},{<<"user-agent">>,<<"HTTPie/0.9.2">>},{<<"connection">>,<<"keep-alive">>},{<<"content-type">>,<<"application/json">>}],request_path => <<"/log,">>,resp_body => nil,resp_cookies => #{},resp_headers => [{<<"cache-control">>,<<"max-age=0, private, must-revalidate">>}],scheme => http,script_name => [],secret_key_base => nil,state => unset,status => nil},<<"POST">>,[<<"log,">>],<<"localhost">>],[{file,"lib/loggex.ex"},{line,23}]},{'Elixir.Loggex',plug_builder_call,2,[{file,"lib/loggex.ex"},{line,1}]},{'Elixir.Plug.Adapters.Cowboy.Handler',upgrade,4,[{file,"lib/plug/adapters/cowboy/handler.ex"},{line,15}]},{cowboy_protocol,execute,4,[{file,"src/cowboy_protocol.erl"},{line,442}]}]},{'Elixir.Loggex',call,[#{'__struct__' => 'Elixir.Plug.Conn',adapter => {'Elixir.Plug.Adapters.Cowboy.Conn',{http_req,#Port<0.13281>,ranch_tcp,keepalive,<0.622.0>,<<"POST">>,'HTTP/1.1',{{127,0,0,1},49939},<<"localhost">>,undefined,6438,<<"/log,">>,undefined,<<>>,undefined,[],[{<<"host">>,<<"localhost:6438">>},{<<"content-length">>,<<"36">>},{<<"accept-encoding">>,<<"gzip, deflate">>},{<<"accept">>,<<"application/json">>},{<<"user-agent">>,<<"HTTPie/0.9.2">>},{<<"connection">>,<<"keep-alive">>},{<<"content-type">>,<<"application/json">>}],[{<<"connection">>,[<<"keep-alive">>]}],undefined,[],waiting,<<"{\"sendtime\": \"2016-02-29T02:58:09Z\"}">>,undefined,false,waiting,[],<<>>,undefined}},assigns => #{},before_send => [],body_params => #{'__struct__' => 'Elixir.Plug.Conn.Unfetched',aspect => body_params},cookies => #{'__struct__' => 'Elixir.Plug.Conn.Unfetched',aspect => cookies},halted => false,host => <<"localhost">>,method => <<"POST">>,owner => <0.622.0>,params => #{'__struct__' => 'Elixir.Plug.Conn.Unfetched',aspect => params},path_info => [<<"log,">>],peer => {{127,0,0,1},49939},port => 6438,private => #{},query_params => #{'__struct__' => 'Elixir.Plug.Conn.Unfetched',aspect => query_params},query_string => <<>>,remote_ip => {127,0,0,1},req_cookies => #{'__struct__' => 'Elixir.Plug.Conn.Unfetched',aspect => cookies},req_headers => [{<<"host">>,<<"localhost:6438">>},{<<"content-length">>,<<"36">>},{<<"accept-encoding">>,<<"gzip, deflate">>},{<<"accept">>,<<"application/json">>},{<<"user-agent">>,<<"HTTPie/0.9.2">>},{<<"connecti...">>,...},...],...},...]}}

2016-02-28 22:06:36.632 [info] <0.7.0> Application loggex exited with reason: stopped
2016-02-28 22:06:36.753 [info] <0.7.0> Application logger exited with reason: stopped
2016-02-28 22:06:36.754 [info] <0.7.0> Application logger started on node nonode@nohost
2016-02-28 22:06:36.754 [info] <0.7.0> Application loggex started on node nonode@nohost
2016-02-28 22:06:43.499 [error] <0.362.0> Ranch listener 'Elixir.Loggex.HTTP' had connection process started with cowboy_protocol:start_link/4 at <0.650.0> exit with reason: {{#{'__exception__' => true,'__struct__' => 'Elixir.ArgumentError',message => <<"repo Loggex.Repo is not started, please ensure it is part of your supervision tree">>},[{'Elixir.Ecto.Adapters.SQL',query,6,[{file,"lib/ecto/adapters/sql.ex"},{line,253}]},{'Elixir.Ecto.Adapters.SQL',query,5,[{file,"lib/ecto/adapters/sql.ex"},{line,225}]},{'Elixir.Ecto.Adapters.SQL',model,6,[{file,"lib/ecto/adapters/sql.ex"},{line,487}]},{'Elixir.Ecto.Repo.Schema',apply,5,[{file,"lib/ecto/repo/schema.ex"},{line,297}]},{'Elixir.Ecto.Repo.Schema','-do_insert/4-fun-0-',11,[{file,"lib/ecto/repo/schema.ex"},{line,81}]},{'Elixir.Loggex','-do_match/4-fun-2-',1,[{file,"lib/loggex.ex"},{line,28}]},{'Elixir.Loggex',plug_builder_call,2,[{file,"lib/loggex.ex"},{line,1}]},{'Elixir.Plug.Adapters.Cowboy.Handler',upgrade,4,[{file,"lib/plug/adapters/cowboy/handler.ex"},{line,15}]}]},{'Elixir.Loggex',call,[#{'__struct__' => 'Elixir.Plug.Conn',adapter => {'Elixir.Plug.Adapters.Cowboy.Conn',{http_req,#Port<0.13412>,ranch_tcp,keepalive,<0.650.0>,<<"POST">>,'HTTP/1.1',{{127,0,0,1},49941},<<"localhost">>,undefined,6438,<<"/log">>,undefined,<<>>,undefined,[],[{<<"host">>,<<"localhost:6438">>},{<<"content-length">>,<<"36">>},{<<"accept-encoding">>,<<"gzip, deflate">>},{<<"accept">>,<<"application/json">>},{<<"user-agent">>,<<"HTTPie/0.9.2">>},{<<"connection">>,<<"keep-alive">>},{<<"content-type">>,<<"application/json">>}],[{<<"connection">>,[<<"keep-alive">>]}],undefined,[],waiting,<<"{\"sendtime\": \"2016-02-29T02:58:09Z\"}">>,undefined,false,waiting,[],<<>>,undefined}},assigns => #{},before_send => [],body_params => #{'__struct__' => 'Elixir.Plug.Conn.Unfetched',aspect => body_params},cookies => #{'__struct__' => 'Elixir.Plug.Conn.Unfetched',aspect => cookies},halted => false,host => <<"localhost">>,method => <<"POST">>,owner => <0.650.0>,params => #{'__struct__' => 'Elixir.Plug.Conn.Unfetched',aspect => params},path_info => [<<"log">>],peer => {{127,0,0,1},49941},port => 6438,private => #{},query_params => #{'__struct__' => 'Elixir.Plug.Conn.Unfetched',aspect => query_params},query_string => <<>>,remote_ip => {127,0,0,1},req_cookies => #{'__struct__' => 'Elixir.Plug.Conn.Unfetched',aspect => cookies},req_headers => [{<<"host">>,<<"localhost:6438">>},{<<"content-length">>,<<"36">>},{<<"accept-encoding">>,<<"gzip, deflate">>},{<<"accept">>,<<"application/json">>},{<<"user-agent">>,<<"HTTPie/0.9.2">>},{<<"connection">>,<<"keep-alive">>},{<<"content-type">>,<<"application/json">>}],request_path => <<"/log">>,resp_body => nil,resp_cookies => #{},resp_headers => [{<<"cache-control">>,<<"max-age=0, private, must-revalidate">>}],scheme => http,script_name => [],secret_key_base => nil,state => unset,status => nil},[]]}}

2016-02-28 22:08:16.592 [info] <0.7.0> Application lager started on node nonode@nohost
2016-02-28 22:08:16.595 [info] <0.7.0> Application setup started on node nonode@nohost
2016-02-28 22:08:16.613 [info] <0.269.0>@exometer_report:do_start_reporters:632 Starting reporters with [{reporters,[{exometer_report_influxdb,[]}]}]
2016-02-28 22:08:16.613 [info] <0.7.0> Application exometer_core started on node nonode@nohost
2016-02-28 22:08:16.613 [info] <0.7.0> Application exometer_influxdb started on node nonode@nohost
2016-02-28 22:08:16.614 [info] <0.7.0> Application logger started on node nonode@nohost
2016-02-28 22:08:16.630 [info] <0.7.0> Application ranch started on node nonode@nohost
2016-02-28 22:08:16.649 [info] <0.7.0> Application cowlib started on node nonode@nohost
2016-02-28 22:08:16.670 [info] <0.7.0> Application cowboy started on node nonode@nohost
2016-02-28 22:08:16.678 [info] <0.7.0> Application plug started on node nonode@nohost
2016-02-28 22:08:16.684 [info] <0.272.0>@exometer_report_influxdb:exometer_init:85 InfluxDB reporter connecting success: []
2016-02-28 22:08:16.692 [info] <0.7.0> Application connection started on node nonode@nohost
2016-02-28 22:08:16.706 [info] <0.7.0> Application db_connection started on node nonode@nohost
2016-02-28 22:08:16.708 [info] <0.7.0> Application decimal started on node nonode@nohost
2016-02-28 22:08:16.720 [info] <0.7.0> Application postgrex started on node nonode@nohost
2016-02-28 22:08:16.724 [info] <0.7.0> Application poolboy started on node nonode@nohost
2016-02-28 22:08:16.728 [info] <0.7.0> Application ecto started on node nonode@nohost
2016-02-28 22:08:16.729 [info] <0.7.0> Application httpoison started on node nonode@nohost
2016-02-28 22:08:16.738 [info] <0.7.0> Application exometer started on node nonode@nohost
2016-02-28 22:08:16.742 [info] <0.7.0> Application elixometer started on node nonode@nohost
2016-02-28 22:08:16.743 [info] <0.7.0> Application loggex started on node nonode@nohost
2016-02-28 22:20:06.770 [info] <0.7.0> Application lager started on node nonode@nohost
2016-02-28 22:20:06.773 [info] <0.7.0> Application setup started on node nonode@nohost
2016-02-28 22:20:06.795 [info] <0.313.0>@exometer_report:do_start_reporters:632 Starting reporters with [{reporters,[{exometer_report_influxdb,[]}]}]
2016-02-28 22:20:06.795 [info] <0.7.0> Application exometer_core started on node nonode@nohost
2016-02-28 22:20:06.796 [info] <0.7.0> Application exometer_influxdb started on node nonode@nohost
2016-02-28 22:20:06.796 [info] <0.7.0> Application logger started on node nonode@nohost
2016-02-28 22:20:06.817 [info] <0.7.0> Application ranch started on node nonode@nohost
2016-02-28 22:20:06.839 [info] <0.7.0> Application cowlib started on node nonode@nohost
2016-02-28 22:20:06.850 [info] <0.7.0> Application cowboy started on node nonode@nohost
2016-02-28 22:20:06.854 [info] <0.7.0> Application plug started on node nonode@nohost
2016-02-28 22:20:06.858 [info] <0.316.0>@exometer_report_influxdb:exometer_init:85 InfluxDB reporter connecting success: []
2016-02-28 22:20:06.863 [info] <0.7.0> Application connection started on node nonode@nohost
2016-02-28 22:20:06.878 [info] <0.7.0> Application db_connection started on node nonode@nohost
2016-02-28 22:20:06.880 [info] <0.7.0> Application decimal started on node nonode@nohost
2016-02-28 22:20:06.885 [info] <0.7.0> Application postgrex started on node nonode@nohost
2016-02-28 22:20:06.887 [info] <0.7.0> Application poolboy started on node nonode@nohost
2016-02-28 22:20:06.891 [info] <0.7.0> Application ecto started on node nonode@nohost
2016-02-28 22:20:06.893 [info] <0.7.0> Application httpoison started on node nonode@nohost
2016-02-28 22:20:06.900 [info] <0.7.0> Application exometer started on node nonode@nohost
2016-02-28 22:20:06.903 [info] <0.7.0> Application elixometer started on node nonode@nohost
2016-02-28 22:20:06.903 [info] <0.7.0> Application loggex started on node nonode@nohost
2016-02-28 22:23:39.070 [info] <0.7.0> Application lager started on node nonode@nohost
2016-02-28 22:23:39.077 [info] <0.7.0> Application setup started on node nonode@nohost
2016-02-28 22:23:39.095 [info] <0.256.0>@exometer_report:do_start_reporters:632 Starting reporters with [{reporters,[{exometer_report_influxdb,[]}]}]
2016-02-28 22:23:39.095 [info] <0.7.0> Application exometer_core started on node nonode@nohost
2016-02-28 22:23:39.095 [info] <0.7.0> Application exometer_influxdb started on node nonode@nohost
2016-02-28 22:23:39.095 [info] <0.7.0> Application logger started on node nonode@nohost
2016-02-28 22:23:39.110 [info] <0.7.0> Application ranch started on node nonode@nohost
2016-02-28 22:23:39.117 [info] <0.7.0> Application cowlib started on node nonode@nohost
2016-02-28 22:23:39.138 [info] <0.7.0> Application cowboy started on node nonode@nohost
2016-02-28 22:23:39.147 [info] <0.7.0> Application plug started on node nonode@nohost
2016-02-28 22:23:39.151 [info] <0.259.0>@exometer_report_influxdb:exometer_init:85 InfluxDB reporter connecting success: []
2016-02-28 22:23:39.152 [info] <0.7.0> Application connection started on node nonode@nohost
2016-02-28 22:23:39.161 [info] <0.7.0> Application db_connection started on node nonode@nohost
2016-02-28 22:23:39.162 [info] <0.7.0> Application decimal started on node nonode@nohost
2016-02-28 22:23:39.168 [info] <0.7.0> Application postgrex started on node nonode@nohost
2016-02-28 22:23:39.172 [info] <0.7.0> Application poolboy started on node nonode@nohost
2016-02-28 22:23:39.175 [info] <0.7.0> Application ecto started on node nonode@nohost
2016-02-28 22:23:39.176 [info] <0.7.0> Application httpoison started on node nonode@nohost
2016-02-28 22:23:39.181 [info] <0.7.0> Application exometer started on node nonode@nohost
2016-02-28 22:23:39.186 [info] <0.7.0> Application elixometer started on node nonode@nohost
2016-02-28 22:23:39.186 [info] <0.7.0> Application loggex started on node nonode@nohost
2016-02-28 22:25:06.581 [info] <0.7.0> Application loggex exited with reason: stopped
2016-02-28 22:25:06.704 [info] <0.7.0> Application logger exited with reason: stopped
2016-02-28 22:25:06.705 [info] <0.7.0> Application logger started on node nonode@nohost
2016-02-28 22:25:06.705 [info] <0.7.0> Application loggex started on node nonode@nohost
2016-02-28 22:25:17.618 [info] <0.7.0> Application lager started on node nonode@nohost
2016-02-28 22:25:17.624 [info] <0.7.0> Application setup started on node nonode@nohost
2016-02-28 22:25:17.641 [info] <0.256.0>@exometer_report:do_start_reporters:632 Starting reporters with [{reporters,[{exometer_report_influxdb,[]}]}]
2016-02-28 22:25:17.641 [info] <0.7.0> Application exometer_core started on node nonode@nohost
2016-02-28 22:25:17.641 [info] <0.7.0> Application exometer_influxdb started on node nonode@nohost
2016-02-28 22:25:17.642 [info] <0.7.0> Application logger started on node nonode@nohost
2016-02-28 22:25:17.659 [info] <0.7.0> Application ranch started on node nonode@nohost
2016-02-28 22:25:17.678 [info] <0.7.0> Application cowlib started on node nonode@nohost
2016-02-28 22:25:17.689 [info] <0.7.0> Application cowboy started on node nonode@nohost
2016-02-28 22:25:17.693 [info] <0.7.0> Application plug started on node nonode@nohost
2016-02-28 22:25:17.696 [info] <0.259.0>@exometer_report_influxdb:exometer_init:85 InfluxDB reporter connecting success: []
2016-02-28 22:25:17.698 [info] <0.7.0> Application connection started on node nonode@nohost
2016-02-28 22:25:17.707 [info] <0.7.0> Application db_connection started on node nonode@nohost
2016-02-28 22:25:17.709 [info] <0.7.0> Application decimal started on node nonode@nohost
2016-02-28 22:25:17.714 [info] <0.7.0> Application postgrex started on node nonode@nohost
2016-02-28 22:25:17.719 [info] <0.7.0> Application poolboy started on node nonode@nohost
2016-02-28 22:25:17.722 [info] <0.7.0> Application ecto started on node nonode@nohost
2016-02-28 22:25:17.723 [info] <0.7.0> Application httpoison started on node nonode@nohost
2016-02-28 22:25:17.729 [info] <0.7.0> Application exometer started on node nonode@nohost
2016-02-28 22:25:17.734 [info] <0.7.0> Application elixometer started on node nonode@nohost
2016-02-28 22:25:17.734 [info] <0.7.0> Application loggex started on node nonode@nohost
2016-02-28 22:26:26.557 [warning] <0.6.0> lager_error_logger_h dropped 48 messages in the last second that exceeded the limit of 50 messages/sec
2016-02-28 22:26:26.557 [info] <0.7.0> Application loggex exited with reason: stopped
2016-02-28 22:26:26.670 [info] <0.7.0> Application logger exited with reason: stopped
2016-02-28 22:26:26.670 [info] <0.7.0> Application logger started on node nonode@nohost
2016-02-28 22:26:26.671 [info] <0.7.0> Application loggex started on node nonode@nohost
2016-02-28 22:30:16.825 [info] <0.7.0> Application lager started on node nonode@nohost
2016-02-28 22:30:16.828 [info] <0.7.0> Application setup started on node nonode@nohost
2016-02-28 22:30:16.850 [info] <0.313.0>@exometer_report:do_start_reporters:632 Starting reporters with [{reporters,[{exometer_report_influxdb,[{protocol,http},{port,8086},{host,<<"localhost">>},{db,<<"exometer">>}]}]}]
2016-02-28 22:30:16.851 [info] <0.7.0> Application exometer_core started on node nonode@nohost
2016-02-28 22:30:16.851 [info] <0.7.0> Application exometer_influxdb started on node nonode@nohost
2016-02-28 22:30:16.851 [info] <0.7.0> Application logger started on node nonode@nohost
2016-02-28 22:30:16.870 [info] <0.7.0> Application ranch started on node nonode@nohost
2016-02-28 22:30:16.880 [info] <0.7.0> Application cowlib started on node nonode@nohost
2016-02-28 22:30:16.902 [info] <0.7.0> Application cowboy started on node nonode@nohost
2016-02-28 22:30:16.906 [info] <0.7.0> Application plug started on node nonode@nohost
2016-02-28 22:30:16.916 [info] <0.7.0> Application connection started on node nonode@nohost
2016-02-28 22:30:16.919 [info] <0.316.0>@exometer_report_influxdb:exometer_init:85 InfluxDB reporter connecting success: [{protocol,http},{port,8086},{host,<<"localhost">>},{db,<<"exometer">>}]
2016-02-28 22:30:16.934 [info] <0.7.0> Application db_connection started on node nonode@nohost
2016-02-28 22:30:16.936 [info] <0.7.0> Application decimal started on node nonode@nohost
2016-02-28 22:30:16.941 [info] <0.7.0> Application postgrex started on node nonode@nohost
2016-02-28 22:30:16.945 [info] <0.7.0> Application poolboy started on node nonode@nohost
2016-02-28 22:30:16.948 [info] <0.7.0> Application ecto started on node nonode@nohost
2016-02-28 22:30:16.949 [info] <0.7.0> Application httpoison started on node nonode@nohost
2016-02-28 22:30:16.954 [info] <0.7.0> Application exometer started on node nonode@nohost
2016-02-28 22:30:16.957 [info] <0.7.0> Application elixometer started on node nonode@nohost
2016-02-28 22:30:16.957 [info] <0.7.0> Application loggex started on node nonode@nohost
2016-02-28 22:36:58.774 [error] <0.267.0> Supervisor 'Elixir.Logger.Supervisor' had child undefined started with 'Elixir.Logger.Watcher':watcher(error_logger, 'Elixir.Logger.ErrorHandler', {true,false,500}, link) at <0.272.0> exit with reason normal in context child_terminated
2016-02-28 22:36:58.796 [info] <0.7.0> Application lager started on node nonode@nohost
2016-02-28 22:36:58.802 [info] <0.7.0> Application setup started on node nonode@nohost
2016-02-28 22:36:58.822 [info] <0.361.0>@exometer_report:do_start_reporters:632 Starting reporters with [{reporters,[{exometer_report_influxdb,[{protocol,http},{port,8086},{host,<<"localhost">>},{db,<<"exometer">>}]}]}]
2016-02-28 22:36:58.823 [info] <0.7.0> Application exometer_core started on node nonode@nohost
2016-02-28 22:36:58.840 [info] <0.7.0> Application exometer started on node nonode@nohost
2016-02-28 22:36:58.845 [info] <0.7.0> Application elixometer started on node nonode@nohost
2016-02-28 22:36:58.890 [info] <0.364.0>@exometer_report_influxdb:exometer_init:85 InfluxDB reporter connecting success: [{protocol,http},{port,8086},{host,<<"localhost">>},{db,<<"exometer">>}]
2016-02-28 22:36:58.891 [info] <0.364.0>@exometer_report_influxdb:exometer_terminate:176 InfluxDB reporter is terminating with reason: shutdown
2016-02-28 22:38:34.602 [error] <0.267.0> Supervisor 'Elixir.Logger.Supervisor' had child undefined started with 'Elixir.Logger.Watcher':watcher(error_logger, 'Elixir.Logger.ErrorHandler', {true,false,500}, link) at <0.272.0> exit with reason normal in context child_terminated
2016-02-28 22:38:34.620 [info] <0.7.0> Application lager started on node nonode@nohost
2016-02-28 22:38:34.626 [info] <0.7.0> Application setup started on node nonode@nohost
2016-02-28 22:38:34.641 [info] <0.361.0>@exometer_report:do_start_reporters:632 Starting reporters with [{reporters,[{exometer_report_influxdb,[{protocol,http},{port,8086},{host,<<"localhost">>},{db,<<"exometer">>},{tags,[]}]}]}]
2016-02-28 22:38:34.642 [info] <0.7.0> Application exometer_core started on node nonode@nohost
2016-02-28 22:38:34.663 [info] <0.7.0> Application exometer started on node nonode@nohost
2016-02-28 22:38:34.668 [info] <0.7.0> Application elixometer started on node nonode@nohost
2016-02-28 22:38:34.672 [info] <0.7.0> Application exometer_influxdb started on node nonode@nohost
2016-02-28 22:38:34.672 [info] <0.7.0> Application loggex started on node nonode@nohost
2016-02-28 22:38:34.711 [info] <0.364.0>@exometer_report_influxdb:exometer_init:85 InfluxDB reporter connecting success: [{protocol,http},{port,8086},{host,<<"localhost">>},{db,<<"exometer">>},{tags,[]}]
2016-02-28 22:39:53.273 [error] <0.267.0> Supervisor 'Elixir.Logger.Supervisor' had child undefined started with 'Elixir.Logger.Watcher':watcher(error_logger, 'Elixir.Logger.ErrorHandler', {true,false,500}, link) at <0.272.0> exit with reason normal in context child_terminated
2016-02-28 22:39:53.292 [info] <0.7.0> Application lager started on node nonode@nohost
2016-02-28 22:39:53.298 [info] <0.7.0> Application setup started on node nonode@nohost
2016-02-28 22:39:53.318 [info] <0.361.0>@exometer_report:do_start_reporters:632 Starting reporters with [{reporters,[{exometer_report_influxdb,[{protocol,http},{port,8086},{host,<<"localhost">>},{db,<<"yourmom">>},{tags,[]}]}]}]
2016-02-28 22:39:53.319 [info] <0.7.0> Application exometer_core started on node nonode@nohost
2016-02-28 22:39:53.334 [info] <0.7.0> Application exometer started on node nonode@nohost
2016-02-28 22:39:53.340 [info] <0.7.0> Application elixometer started on node nonode@nohost
2016-02-28 22:39:53.344 [info] <0.7.0> Application exometer_influxdb started on node nonode@nohost
2016-02-28 22:39:53.344 [info] <0.7.0> Application loggex started on node nonode@nohost
2016-02-28 22:39:53.383 [info] <0.364.0>@exometer_report_influxdb:exometer_init:85 InfluxDB reporter connecting success: [{protocol,http},{port,8086},{host,<<"localhost">>},{db,<<"yourmom">>},{tags,[]}]
2016-02-28 22:40:48.731 [error] <0.267.0> Supervisor 'Elixir.Logger.Supervisor' had child undefined started with 'Elixir.Logger.Watcher':watcher(error_logger, 'Elixir.Logger.ErrorHandler', {true,false,500}, link) at <0.272.0> exit with reason normal in context child_terminated
2016-02-28 22:40:48.750 [info] <0.7.0> Application lager started on node nonode@nohost
2016-02-28 22:40:48.755 [info] <0.7.0> Application setup started on node nonode@nohost
2016-02-28 22:40:48.781 [info] <0.361.0>@exometer_report:do_start_reporters:632 Starting reporters with [{reporters,[{exometer_report_influxdb,[{protocol,http},{port,8085},{host,<<"localhost">>},{db,<<"exometer">>},{tags,[]}]}]}]
2016-02-28 22:40:48.781 [info] <0.7.0> Application exometer_core started on node nonode@nohost
2016-02-28 22:40:48.796 [info] <0.7.0> Application exometer started on node nonode@nohost
2016-02-28 22:40:48.803 [info] <0.7.0> Application elixometer started on node nonode@nohost
2016-02-28 22:40:48.819 [info] <0.7.0> Application exometer_influxdb started on node nonode@nohost
2016-02-28 22:40:48.819 [info] <0.7.0> Application loggex started on node nonode@nohost
2016-02-28 22:40:48.846 [error] <0.364.0>@exometer_report_influxdb:exometer_init:88 InfluxDB reporter connecting error: {error,econnrefused}
2016-02-28 22:40:49.851 [error] <0.364.0>@exometer_report_influxdb:reconnect:210 InfluxDB reporter reconnecting error: {error,econnrefused}
2016-02-28 22:40:50.861 [error] <0.364.0>@exometer_report_influxdb:reconnect:210 InfluxDB reporter reconnecting error: {error,econnrefused}
2016-02-28 22:40:51.866 [error] <0.364.0>@exometer_report_influxdb:reconnect:210 InfluxDB reporter reconnecting error: {error,econnrefused}
2016-02-28 22:40:52.870 [error] <0.364.0>@exometer_report_influxdb:reconnect:210 InfluxDB reporter reconnecting error: {error,econnrefused}
2016-02-28 22:40:53.878 [error] <0.364.0>@exometer_report_influxdb:reconnect:210 InfluxDB reporter reconnecting error: {error,econnrefused}
2016-02-28 22:41:01.742 [error] <0.267.0> Supervisor 'Elixir.Logger.Supervisor' had child undefined started with 'Elixir.Logger.Watcher':watcher(error_logger, 'Elixir.Logger.ErrorHandler', {true,false,500}, link) at <0.272.0> exit with reason normal in context child_terminated
2016-02-28 22:41:01.761 [info] <0.7.0> Application lager started on node nonode@nohost
2016-02-28 22:41:01.766 [info] <0.7.0> Application setup started on node nonode@nohost
2016-02-28 22:41:01.790 [info] <0.361.0>@exometer_report:do_start_reporters:632 Starting reporters with [{reporters,[{exometer_report_influxdb,[{protocol,http},{port,8086},{host,<<"localhost">>},{db,<<"exometer">>},{tags,[]}]}]}]
2016-02-28 22:41:01.790 [info] <0.7.0> Application exometer_core started on node nonode@nohost
2016-02-28 22:41:01.807 [info] <0.7.0> Application exometer started on node nonode@nohost
2016-02-28 22:41:01.812 [info] <0.7.0> Application elixometer started on node nonode@nohost
2016-02-28 22:41:01.816 [info] <0.7.0> Application exometer_influxdb started on node nonode@nohost
2016-02-28 22:41:01.816 [info] <0.7.0> Application loggex started on node nonode@nohost
2016-02-28 22:41:01.855 [info] <0.364.0>@exometer_report_influxdb:exometer_init:85 InfluxDB reporter connecting success: [{protocol,http},{port,8086},{host,<<"localhost">>},{db,<<"exometer">>},{tags,[]}]
2016-02-28 22:41:27.975 [error] <0.267.0> Supervisor 'Elixir.Logger.Supervisor' had child undefined started with 'Elixir.Logger.Watcher':watcher(error_logger, 'Elixir.Logger.ErrorHandler', {true,false,500}, link) at <0.272.0> exit with reason normal in context child_terminated
2016-02-28 22:41:27.994 [info] <0.7.0> Application lager started on node nonode@nohost
2016-02-28 22:41:27.999 [info] <0.7.0> Application setup started on node nonode@nohost
2016-02-28 22:41:28.016 [info] <0.361.0>@exometer_report:do_start_reporters:632 Starting reporters with [{reporters,[{exometer_report_influxdb,[{protocol,http},{port,8086},{host,<<"localhost">>},{db,<<"exometer">>},{tags,[<<"loggex">>]}]}]}]
2016-02-28 22:41:28.016 [info] <0.7.0> Application exometer_core started on node nonode@nohost
2016-02-28 22:41:28.028 [info] <0.7.0> Application exometer started on node nonode@nohost
2016-02-28 22:41:28.034 [info] <0.7.0> Application elixometer started on node nonode@nohost
2016-02-28 22:41:28.051 [info] <0.7.0> Application exometer_influxdb started on node nonode@nohost
2016-02-28 22:41:28.051 [info] <0.7.0> Application loggex started on node nonode@nohost
2016-02-28 22:41:28.071 [info] <0.364.0>@exometer_report_influxdb:exometer_init:85 InfluxDB reporter connecting success: [{protocol,http},{port,8086},{host,<<"localhost">>},{db,<<"exometer">>},{tags,[<<"loggex">>]}]
2016-02-28 22:42:16.448 [warning] <0.6.0> lager_error_logger_h dropped 25 messages in the last second that exceeded the limit of 50 messages/sec
2016-02-28 22:42:16.448 [info] <0.7.0> Application loggex exited with reason: stopped
2016-02-28 22:42:16.540 [info] <0.7.0> Application logger exited with reason: stopped
2016-02-28 22:42:16.541 [info] <0.7.0> Application logger started on node nonode@nohost
2016-02-28 22:42:16.541 [info] <0.7.0> Application loggex started on node nonode@nohost
2016-02-28 22:42:41.810 [info] <0.7.0> Application loggex exited with reason: stopped
2016-02-28 22:42:41.911 [info] <0.7.0> Application logger exited with reason: stopped
2016-02-28 22:42:41.911 [info] <0.7.0> Application logger started on node nonode@nohost
2016-02-28 22:42:41.911 [info] <0.7.0> Application loggex started on node nonode@nohost
2016-02-28 22:43:24.139 [error] <0.267.0> Supervisor 'Elixir.Logger.Supervisor' had child undefined started with 'Elixir.Logger.Watcher':watcher(error_logger, 'Elixir.Logger.ErrorHandler', {true,false,500}, link) at <0.272.0> exit with reason normal in context child_terminated
2016-02-28 22:43:24.158 [info] <0.7.0> Application lager started on node nonode@nohost
2016-02-28 22:43:24.163 [info] <0.7.0> Application setup started on node nonode@nohost
2016-02-28 22:43:24.180 [info] <0.361.0>@exometer_report:do_start_reporters:632 Starting reporters with [{reporters,[{exometer_report_influxdb,[{protocol,http},{port,8086},{host,<<"localhost">>},{db,<<"exometer">>},{tags,[<<"loggex">>]}]}]}]
2016-02-28 22:43:24.180 [info] <0.7.0> Application exometer_core started on node nonode@nohost
2016-02-28 22:43:24.194 [info] <0.7.0> Application exometer started on node nonode@nohost
2016-02-28 22:43:24.200 [info] <0.7.0> Application elixometer started on node nonode@nohost
2016-02-28 22:43:24.204 [info] <0.7.0> Application exometer_influxdb started on node nonode@nohost
2016-02-28 22:43:24.204 [info] <0.7.0> Application loggex started on node nonode@nohost
2016-02-28 22:43:24.239 [info] <0.364.0>@exometer_report_influxdb:exometer_init:85 InfluxDB reporter connecting success: [{protocol,http},{port,8086},{host,<<"localhost">>},{db,<<"exometer">>},{tags,[<<"loggex">>]}]
2016-02-28 22:44:12.229 [warning] <0.6.0> lager_error_logger_h dropped 24 messages in the last second that exceeded the limit of 50 messages/sec
2016-02-28 22:44:12.229 [info] <0.7.0> Application loggex exited with reason: stopped
2016-02-28 22:44:12.307 [info] <0.7.0> Application logger exited with reason: stopped
2016-02-28 22:44:12.307 [info] <0.7.0> Application logger started on node nonode@nohost
2016-02-28 22:44:12.307 [info] <0.7.0> Application loggex started on node nonode@nohost
2016-02-28 22:44:49.628 [warning] <0.6.0> lager_error_logger_h dropped 10 messages in the last second that exceeded the limit of 50 messages/sec
2016-02-28 22:44:49.628 [error] <0.486.0> gen_server 'Elixir.Loggex.Repo.Pool.Supervisor' terminated with reason: killed
2016-02-28 22:44:49.628 [error] <0.486.0> CRASH REPORT Process 'Elixir.Loggex.Repo.Pool.Supervisor' with 0 neighbours exited with reason: killed in gen_server:terminate/7 line 826
2016-02-28 22:55:09.635 [error] <0.2045.0> Supervisor 'Elixir.Logger.Supervisor' had child undefined started with 'Elixir.Logger.Watcher':watcher(error_logger, 'Elixir.Logger.ErrorHandler', {true,false,500}, link) at <0.2050.0> exit with reason normal in context child_terminated
2016-02-28 22:55:09.654 [info] <0.7.0> Application lager started on node nonode@nohost
2016-02-28 22:55:09.661 [info] <0.7.0> Application setup started on node nonode@nohost
2016-02-28 22:55:09.672 [info] <0.2139.0>@exometer_report:do_start_reporters:632 Starting reporters with [{reporters,[{exometer_report_influxdb,[{protocol,http},{port,8086},{host,<<"localhost">>},{db,<<"exometer">>},{tags,[<<"loggex">>]}]}]}]
2016-02-28 22:55:09.673 [info] <0.7.0> Application exometer_core started on node nonode@nohost
2016-02-28 22:55:09.679 [error] <0.2142.0> CRASH REPORT Process exometer_report_influxdb with 0 neighbours crashed with reason: call to undefined function exometer_report_influxdb:exometer_init([{protocol,http},{port,8086},{host,<<"localhost">>},{db,<<"exometer">>},{tags,[<<"loggex">>]}])
2016-02-28 22:55:09.687 [error] <0.2143.0> CRASH REPORT Process exometer_report_influxdb with 0 neighbours crashed with reason: call to undefined function exometer_report_influxdb:exometer_init([{protocol,http},{port,8086},{host,<<"localhost">>},{db,<<"exometer">>},{tags,[<<"loggex">>]}])
2016-02-28 22:55:09.694 [error] <0.2147.0> CRASH REPORT Process exometer_report_influxdb with 0 neighbours crashed with reason: call to undefined function exometer_report_influxdb:exometer_init([{protocol,http},{port,8086},{host,<<"localhost">>},{db,<<"exometer">>},{tags,[<<"loggex">>]}])
2016-02-28 22:55:09.695 [info] <0.7.0> Application exometer started on node nonode@nohost
2016-02-28 22:55:09.695 [info] <0.7.0> Application elixometer started on node nonode@nohost
2016-02-28 22:55:09.713 [info] <0.7.0> Application elixometer exited with reason: stopped
2016-02-28 22:55:09.713 [info] <0.7.0> Application exometer exited with reason: stopped
2016-02-28 22:55:09.713 [info] <0.7.0> Application exometer_core exited with reason: stopped
2016-02-28 22:55:09.714 [info] <0.7.0> Application setup exited with reason: stopped
2016-02-28 23:02:03.901 [error] <0.263.0> Supervisor 'Elixir.Logger.Supervisor' had child undefined started with 'Elixir.Logger.Watcher':watcher(error_logger, 'Elixir.Logger.ErrorHandler', {true,false,500}, link) at <0.268.0> exit with reason normal in context child_terminated
2016-02-28 23:02:03.920 [info] <0.7.0> Application lager started on node nonode@nohost
2016-02-28 23:02:03.926 [info] <0.7.0> Application setup started on node nonode@nohost
2016-02-28 23:02:03.945 [info] <0.357.0>@exometer_report:do_start_reporters:632 Starting reporters with [{reporters,[{exometer_report_influxdb,[{protocol,http},{port,8086},{host,<<"localhost">>},{db,<<"exometer">>},{tags,[<<"loggex">>]}]}]}]
2016-02-28 23:02:03.945 [info] <0.7.0> Application exometer_core started on node nonode@nohost
2016-02-28 23:02:03.953 [error] <0.360.0> CRASH REPORT Process exometer_report_influxdb with 0 neighbours crashed with reason: call to undefined function exometer_report_influxdb:exometer_init([{protocol,http},{port,8086},{host,<<"localhost">>},{db,<<"exometer">>},{tags,[<<"loggex">>]}])
2016-02-28 23:02:03.960 [error] <0.361.0> CRASH REPORT Process exometer_report_influxdb with 0 neighbours crashed with reason: call to undefined function exometer_report_influxdb:exometer_init([{protocol,http},{port,8086},{host,<<"localhost">>},{db,<<"exometer">>},{tags,[<<"loggex">>]}])
2016-02-28 23:02:03.966 [error] <0.365.0> CRASH REPORT Process exometer_report_influxdb with 0 neighbours crashed with reason: call to undefined function exometer_report_influxdb:exometer_init([{protocol,http},{port,8086},{host,<<"localhost">>},{db,<<"exometer">>},{tags,[<<"loggex">>]}])
2016-02-28 23:02:03.968 [info] <0.7.0> Application exometer started on node nonode@nohost
2016-02-28 23:02:03.971 [info] <0.7.0> Application elixometer started on node nonode@nohost
2016-02-28 23:02:03.971 [info] <0.7.0> Application loggex started on node nonode@nohost
2016-02-28 23:12:34.668 [error] <0.2051.0> Supervisor 'Elixir.Logger.Supervisor' had child undefined started with 'Elixir.Logger.Watcher':watcher(error_logger, 'Elixir.Logger.ErrorHandler', {true,false,500}, link) at <0.2056.0> exit with reason normal in context child_terminated
2016-02-28 23:12:34.686 [info] <0.7.0> Application lager started on node nonode@nohost
2016-02-28 23:12:34.693 [info] <0.7.0> Application setup started on node nonode@nohost
2016-02-28 23:12:34.710 [info] <0.2145.0>@exometer_report:do_start_reporters:632 Starting reporters with [{reporters,[{exometer_report_influxdb,[{protocol,http},{port,8086},{host,<<"localhost">>},{db,<<"exometer">>},{tags,[<<"loggex">>]}]}]}]
2016-02-28 23:12:34.710 [info] <0.7.0> Application exometer_core started on node nonode@nohost
2016-02-28 23:12:34.726 [info] <0.7.0> Application exometer started on node nonode@nohost
2016-02-28 23:12:34.731 [info] <0.7.0> Application exometer_influxdb started on node nonode@nohost
2016-02-28 23:12:34.731 [info] <0.7.0> Application elixometer started on node nonode@nohost
2016-02-28 23:12:34.732 [info] <0.7.0> Application loggex started on node nonode@nohost
2016-02-28 23:12:34.774 [info] <0.2148.0>@exometer_report_influxdb:exometer_init:85 InfluxDB reporter connecting success: [{protocol,http},{port,8086},{host,<<"localhost">>},{db,<<"exometer">>},{tags,[<<"loggex">>]}]
2016-02-28 23:13:41.913 [error] <0.223.0> Supervisor 'Elixir.Logger.Supervisor' had child undefined started with 'Elixir.Logger.Watcher':watcher(error_logger, 'Elixir.Logger.ErrorHandler', {true,false,500}, link) at <0.228.0> exit with reason normal in context child_terminated
2016-02-28 23:13:41.930 [info] <0.7.0> Application lager started on node nonode@nohost
2016-02-28 23:13:41.935 [info] <0.7.0> Application setup started on node nonode@nohost
2016-02-28 23:13:41.951 [info] <0.317.0>@exometer_report:do_start_reporters:632 Starting reporters with [{reporters,[{exometer_report_influxdb,[{protocol,http},{port,8086},{host,<<"localhost">>},{db,<<"exometer">>},{tags,[<<"loggex">>]}]}]}]
2016-02-28 23:13:41.951 [info] <0.7.0> Application exometer_core started on node nonode@nohost
2016-02-28 23:13:41.963 [info] <0.7.0> Application exometer started on node nonode@nohost
2016-02-28 23:13:41.969 [info] <0.7.0> Application exometer_influxdb started on node nonode@nohost
2016-02-28 23:13:41.973 [info] <0.7.0> Application elixometer started on node nonode@nohost
2016-02-28 23:13:41.973 [info] <0.7.0> Application loggex started on node nonode@nohost
2016-02-28 23:13:42.005 [info] <0.320.0>@exometer_report_influxdb:exometer_init:85 InfluxDB reporter connecting success: [{protocol,http},{port,8086},{host,<<"localhost">>},{db,<<"exometer">>},{tags,[<<"loggex">>]}]
2016-02-28 23:19:52.676 [error] <0.267.0> Supervisor 'Elixir.Logger.Supervisor' had child undefined started with 'Elixir.Logger.Watcher':watcher(error_logger, 'Elixir.Logger.ErrorHandler', {true,false,500}, link) at <0.272.0> exit with reason normal in context child_terminated
2016-02-28 23:19:52.696 [info] <0.7.0> Application lager started on node nonode@nohost
2016-02-28 23:19:52.701 [info] <0.7.0> Application setup started on node nonode@nohost
2016-02-28 23:19:52.720 [info] <0.361.0>@exometer_report:do_start_reporters:632 Starting reporters with [{reporters,[{exometer_report_influxdb,[{protocol,http},{port,8086},{host,<<"localhost">>},{db,<<"exometer">>},{tags,[<<"loggex">>]}]}]}]
2016-02-28 23:19:52.720 [info] <0.7.0> Application exometer_core started on node nonode@nohost
2016-02-28 23:19:52.743 [info] <0.7.0> Application exometer started on node nonode@nohost
2016-02-28 23:19:52.747 [info] <0.7.0> Application exometer_influxdb started on node nonode@nohost
2016-02-28 23:19:52.751 [info] <0.7.0> Application elixometer started on node nonode@nohost
2016-02-28 23:19:52.751 [info] <0.7.0> Application loggex started on node nonode@nohost
2016-02-28 23:19:52.792 [info] <0.364.0>@exometer_report_influxdb:exometer_init:85 InfluxDB reporter connecting success: [{protocol,http},{port,8086},{host,<<"localhost">>},{db,<<"exometer">>},{tags,[<<"loggex">>]}]
